#! /c/Source/iverilog-install/bin/vvp
:ivl_version "12.0 (devel)" "(s20150603-1539-g2693dd32b)";
:ivl_delay_selection "TYPICAL";
:vpi_time_precision + 0;
:vpi_module "C:\iverilog\lib\ivl\system.vpi";
:vpi_module "C:\iverilog\lib\ivl\vhdl_sys.vpi";
:vpi_module "C:\iverilog\lib\ivl\vhdl_textio.vpi";
:vpi_module "C:\iverilog\lib\ivl\v2005_math.vpi";
:vpi_module "C:\iverilog\lib\ivl\va_math.vpi";
S_0000021ce829d870 .scope module, "adder" "adder" 2 16;
 .timescale 0 0;
    .port_info 0 /INPUT 16 "a";
    .port_info 1 /INPUT 16 "b";
    .port_info 2 /OUTPUT 16 "ans";
    .port_info 3 /OUTPUT 1 "carry";
L_0000021ce877dbc0 .functor BUFZ 1, L_0000021ce877d920, C4<0>, C4<0>, C4<0>;
v0000021ce87145b0_0 .net "G", 0 0, L_0000021ce877d920;  1 drivers
v0000021ce8714d30_0 .net "P", 0 0, L_0000021ce877d990;  1 drivers
o0000021ce86aafb8 .functor BUFZ 16, C4<zzzzzzzzzzzzzzzz>; HiZ drive
v0000021ce8714290_0 .net "a", 15 0, o0000021ce86aafb8;  0 drivers
v0000021ce8713a70_0 .net "ans", 15 0, L_0000021ce876cd20;  1 drivers
o0000021ce86ab018 .functor BUFZ 16, C4<zzzzzzzzzzzzzzzz>; HiZ drive
v0000021ce8712cb0_0 .net "b", 15 0, o0000021ce86ab018;  0 drivers
v0000021ce8714650_0 .net "carry", 0 0, L_0000021ce877dbc0;  1 drivers
L_0000021ce8715fd8 .functor BUFT 1, C4<0>, C4<0>, C4<0>, C4<0>;
v0000021ce8714790_0 .net "zero", 0 0, L_0000021ce8715fd8;  1 drivers
S_0000021ce829da00 .scope module, "add" "Add16" 2 26, 2 120 0, S_0000021ce829d870;
 .timescale 0 0;
    .port_info 0 /INPUT 16 "a";
    .port_info 1 /INPUT 16 "b";
    .port_info 2 /INPUT 1 "carry_in";
    .port_info 3 /OUTPUT 16 "ans";
    .port_info 4 /OUTPUT 1 "p_out";
    .port_info 5 /OUTPUT 1 "g_out";
v0000021ce8712df0_0 .net "G", 3 0, L_0000021ce876be20;  1 drivers
v0000021ce8715370_0 .net "P", 3 0, L_0000021ce876ad40;  1 drivers
v0000021ce8712c10_0 .net "a", 15 0, o0000021ce86aafb8;  alias, 0 drivers
v0000021ce87146f0_0 .net "ans", 15 0, L_0000021ce876cd20;  alias, 1 drivers
v0000021ce87140b0_0 .net "b", 15 0, o0000021ce86ab018;  alias, 0 drivers
v0000021ce8714470_0 .net "c", 4 1, L_0000021ce876cfa0;  1 drivers
v0000021ce8714ab0_0 .net "carry_in", 0 0, L_0000021ce8715fd8;  alias, 1 drivers
v0000021ce8713cf0_0 .net "g_out", 0 0, L_0000021ce877d920;  alias, 1 drivers
v0000021ce8714330_0 .net "p_out", 0 0, L_0000021ce877d990;  alias, 1 drivers
L_0000021ce870e2f0 .part o0000021ce86aafb8, 0, 4;
L_0000021ce870ebb0 .part o0000021ce86ab018, 0, 4;
L_0000021ce8766ce0 .part o0000021ce86aafb8, 4, 4;
L_0000021ce8767780 .part o0000021ce86ab018, 4, 4;
L_0000021ce8765f20 .part L_0000021ce876cfa0, 0, 1;
L_0000021ce87684a0 .part o0000021ce86aafb8, 8, 4;
L_0000021ce8768860 .part o0000021ce86ab018, 8, 4;
L_0000021ce8768b80 .part L_0000021ce876cfa0, 1, 1;
L_0000021ce876c320 .part o0000021ce86aafb8, 12, 4;
L_0000021ce876cb40 .part o0000021ce86ab018, 12, 4;
L_0000021ce876bb00 .part L_0000021ce876cfa0, 2, 1;
L_0000021ce876cd20 .concat8 [ 4 4 4 4], L_0000021ce87157d0, L_0000021ce870f010, L_0000021ce8767b40, L_0000021ce87696c0;
L_0000021ce876ad40 .concat8 [ 1 1 1 1], L_0000021ce87609a0, L_0000021ce876f3d0, L_0000021ce8778090, L_0000021ce8778f00;
L_0000021ce876be20 .concat8 [ 1 1 1 1], L_0000021ce875f580, L_0000021ce876f7c0, L_0000021ce8770a20, L_0000021ce8778f70;
S_0000021ce8295f80 .scope module, "a1" "Add4" 2 131, 2 51 0, S_0000021ce829da00;
 .timescale 0 0;
    .port_info 0 /INPUT 4 "a";
    .port_info 1 /INPUT 4 "b";
    .port_info 2 /INPUT 1 "carry_in";
    .port_info 3 /OUTPUT 4 "ans";
    .port_info 4 /OUTPUT 1 "p_out";
    .port_info 5 /OUTPUT 1 "g_out";
v0000021ce86fdcf0_0 .net "G", 3 0, L_0000021ce8715870;  1 drivers
v0000021ce86fdf70_0 .net "P", 3 0, L_0000021ce8715910;  1 drivers
v0000021ce86fe0b0_0 .net "a", 3 0, L_0000021ce870e2f0;  1 drivers
v0000021ce86fe790_0 .net "ans", 3 0, L_0000021ce87157d0;  1 drivers
v0000021ce86fe970_0 .net "b", 3 0, L_0000021ce870ebb0;  1 drivers
v0000021ce86fe150_0 .net "c", 4 1, L_0000021ce870ffb0;  1 drivers
v0000021ce86fe830_0 .net "carry_in", 0 0, L_0000021ce8715fd8;  alias, 1 drivers
v0000021ce86fe1f0_0 .net "g_out", 0 0, L_0000021ce875f580;  1 drivers
v0000021ce86fe330_0 .net "p_out", 0 0, L_0000021ce87609a0;  1 drivers
L_0000021ce8713d90 .part L_0000021ce870e2f0, 0, 1;
L_0000021ce8712f30 .part L_0000021ce870ebb0, 0, 1;
L_0000021ce8712fd0 .part L_0000021ce870e2f0, 1, 1;
L_0000021ce8713e30 .part L_0000021ce870ebb0, 1, 1;
L_0000021ce8713070 .part L_0000021ce870ffb0, 0, 1;
L_0000021ce8713110 .part L_0000021ce870e2f0, 2, 1;
L_0000021ce87131b0 .part L_0000021ce870ebb0, 2, 1;
L_0000021ce87132f0 .part L_0000021ce870ffb0, 1, 1;
L_0000021ce87134d0 .part L_0000021ce870e2f0, 3, 1;
L_0000021ce8713570 .part L_0000021ce870ebb0, 3, 1;
L_0000021ce8713610 .part L_0000021ce870ffb0, 2, 1;
L_0000021ce8715870 .concat8 [ 1 1 1 1], L_0000021ce869d240, L_0000021ce869e2e0, L_0000021ce869dd30, L_0000021ce869dda0;
L_0000021ce8715910 .concat8 [ 1 1 1 1], L_0000021ce869db00, L_0000021ce869ca60, L_0000021ce869cbb0, L_0000021ce869dcc0;
L_0000021ce87157d0 .concat8 [ 1 1 1 1], L_0000021ce869cd00, L_0000021ce869def0, L_0000021ce869cc20, L_0000021ce869de10;
S_0000021ce8296110 .scope module, "a1" "Adder" 2 62, 2 38 0, S_0000021ce8295f80;
 .timescale 0 0;
    .port_info 0 /INPUT 1 "a";
    .port_info 1 /INPUT 1 "b";
    .port_info 2 /INPUT 1 "carry_in";
    .port_info 3 /OUTPUT 1 "G";
    .port_info 4 /OUTPUT 1 "P";
    .port_info 5 /OUTPUT 1 "temp_ans";
L_0000021ce869db00 .functor OR 1, L_0000021ce8713d90, L_0000021ce8712f30, C4<0>, C4<0>;
L_0000021ce869d240 .functor AND 1, L_0000021ce8713d90, L_0000021ce8712f30, C4<1>, C4<1>;
L_0000021ce869db70 .functor XOR 1, L_0000021ce8713d90, L_0000021ce8712f30, C4<0>, C4<0>;
L_0000021ce869cd00 .functor XOR 1, L_0000021ce869db70, L_0000021ce8715fd8, C4<0>, C4<0>;
v0000021ce86a1ef0_0 .net "G", 0 0, L_0000021ce869d240;  1 drivers
v0000021ce86a25d0_0 .net "P", 0 0, L_0000021ce869db00;  1 drivers
v0000021ce86a13b0_0 .net *"_ivl_4", 0 0, L_0000021ce869db70;  1 drivers
v0000021ce86a1db0_0 .net "a", 0 0, L_0000021ce8713d90;  1 drivers
v0000021ce86a14f0_0 .net "b", 0 0, L_0000021ce8712f30;  1 drivers
v0000021ce86a16d0_0 .net "carry_in", 0 0, L_0000021ce8715fd8;  alias, 1 drivers
v0000021ce86a23f0_0 .net "temp_ans", 0 0, L_0000021ce869cd00;  1 drivers
S_0000021ce82a3060 .scope module, "a2" "Adder" 2 70, 2 38 0, S_0000021ce8295f80;
 .timescale 0 0;
    .port_info 0 /INPUT 1 "a";
    .port_info 1 /INPUT 1 "b";
    .port_info 2 /INPUT 1 "carry_in";
    .port_info 3 /OUTPUT 1 "G";
    .port_info 4 /OUTPUT 1 "P";
    .port_info 5 /OUTPUT 1 "temp_ans";
L_0000021ce869ca60 .functor OR 1, L_0000021ce8712fd0, L_0000021ce8713e30, C4<0>, C4<0>;
L_0000021ce869e2e0 .functor AND 1, L_0000021ce8712fd0, L_0000021ce8713e30, C4<1>, C4<1>;
L_0000021ce869cad0 .functor XOR 1, L_0000021ce8712fd0, L_0000021ce8713e30, C4<0>, C4<0>;
L_0000021ce869def0 .functor XOR 1, L_0000021ce869cad0, L_0000021ce8713070, C4<0>, C4<0>;
v0000021ce86a18b0_0 .net "G", 0 0, L_0000021ce869e2e0;  1 drivers
v0000021ce86a1f90_0 .net "P", 0 0, L_0000021ce869ca60;  1 drivers
v0000021ce86a1590_0 .net *"_ivl_4", 0 0, L_0000021ce869cad0;  1 drivers
v0000021ce86a2030_0 .net "a", 0 0, L_0000021ce8712fd0;  1 drivers
v0000021ce86a2530_0 .net "b", 0 0, L_0000021ce8713e30;  1 drivers
v0000021ce86a20d0_0 .net "carry_in", 0 0, L_0000021ce8713070;  1 drivers
v0000021ce86a1270_0 .net "temp_ans", 0 0, L_0000021ce869def0;  1 drivers
S_0000021ce82a31f0 .scope module, "a3" "Adder" 2 78, 2 38 0, S_0000021ce8295f80;
 .timescale 0 0;
    .port_info 0 /INPUT 1 "a";
    .port_info 1 /INPUT 1 "b";
    .port_info 2 /INPUT 1 "carry_in";
    .port_info 3 /OUTPUT 1 "G";
    .port_info 4 /OUTPUT 1 "P";
    .port_info 5 /OUTPUT 1 "temp_ans";
L_0000021ce869cbb0 .functor OR 1, L_0000021ce8713110, L_0000021ce87131b0, C4<0>, C4<0>;
L_0000021ce869dd30 .functor AND 1, L_0000021ce8713110, L_0000021ce87131b0, C4<1>, C4<1>;
L_0000021ce869dbe0 .functor XOR 1, L_0000021ce8713110, L_0000021ce87131b0, C4<0>, C4<0>;
L_0000021ce869cc20 .functor XOR 1, L_0000021ce869dbe0, L_0000021ce87132f0, C4<0>, C4<0>;
v0000021ce86a2210_0 .net "G", 0 0, L_0000021ce869dd30;  1 drivers
v0000021ce86a1e50_0 .net "P", 0 0, L_0000021ce869cbb0;  1 drivers
v0000021ce86a2170_0 .net *"_ivl_4", 0 0, L_0000021ce869dbe0;  1 drivers
v0000021ce86a2490_0 .net "a", 0 0, L_0000021ce8713110;  1 drivers
v0000021ce86a1bd0_0 .net "b", 0 0, L_0000021ce87131b0;  1 drivers
v0000021ce86a19f0_0 .net "carry_in", 0 0, L_0000021ce87132f0;  1 drivers
v0000021ce86a1450_0 .net "temp_ans", 0 0, L_0000021ce869cc20;  1 drivers
S_0000021ce82626e0 .scope module, "a4" "Adder" 2 86, 2 38 0, S_0000021ce8295f80;
 .timescale 0 0;
    .port_info 0 /INPUT 1 "a";
    .port_info 1 /INPUT 1 "b";
    .port_info 2 /INPUT 1 "carry_in";
    .port_info 3 /OUTPUT 1 "G";
    .port_info 4 /OUTPUT 1 "P";
    .port_info 5 /OUTPUT 1 "temp_ans";
L_0000021ce869dcc0 .functor OR 1, L_0000021ce87134d0, L_0000021ce8713570, C4<0>, C4<0>;
L_0000021ce869dda0 .functor AND 1, L_0000021ce87134d0, L_0000021ce8713570, C4<1>, C4<1>;
L_0000021ce869cc90 .functor XOR 1, L_0000021ce87134d0, L_0000021ce8713570, C4<0>, C4<0>;
L_0000021ce869de10 .functor XOR 1, L_0000021ce869cc90, L_0000021ce8713610, C4<0>, C4<0>;
v0000021ce86a22b0_0 .net "G", 0 0, L_0000021ce869dda0;  1 drivers
v0000021ce86a1810_0 .net "P", 0 0, L_0000021ce869dcc0;  1 drivers
v0000021ce86a1c70_0 .net *"_ivl_4", 0 0, L_0000021ce869cc90;  1 drivers
v0000021ce86a1a90_0 .net "a", 0 0, L_0000021ce87134d0;  1 drivers
v0000021ce86a1b30_0 .net "b", 0 0, L_0000021ce8713570;  1 drivers
v0000021ce86a1d10_0 .net "carry_in", 0 0, L_0000021ce8713610;  1 drivers
v0000021ce869f010_0 .net "temp_ans", 0 0, L_0000021ce869de10;  1 drivers
S_0000021ce8262870 .scope module, "cla" "CLA4" 2 94, 2 104 0, S_0000021ce8295f80;
 .timescale 0 0;
    .port_info 0 /INPUT 4 "P";
    .port_info 1 /INPUT 4 "G";
    .port_info 2 /INPUT 1 "carry_in";
    .port_info 3 /OUTPUT 4 "c";
    .port_info 4 /OUTPUT 1 "P4";
    .port_info 5 /OUTPUT 1 "G4";
L_0000021ce869df60 .functor AND 1, L_0000021ce87159b0, L_0000021ce8715fd8, C4<1>, C4<1>;
L_0000021ce869cf30 .functor OR 1, L_0000021ce8715410, L_0000021ce869df60, C4<0>, C4<0>;
L_0000021ce869cfa0 .functor AND 1, L_0000021ce8715730, L_0000021ce8715af0, C4<1>, C4<1>;
L_0000021ce869d010 .functor OR 1, L_0000021ce8715a50, L_0000021ce869cfa0, C4<0>, C4<0>;
L_0000021ce869e5f0 .functor AND 1, L_0000021ce87154b0, L_0000021ce8715550, C4<1>, C4<1>;
L_0000021ce869e660 .functor AND 1, L_0000021ce869e5f0, L_0000021ce8715fd8, C4<1>, C4<1>;
L_0000021ce869e6d0 .functor OR 1, L_0000021ce869d010, L_0000021ce869e660, C4<0>, C4<0>;
L_0000021ce869e740 .functor AND 1, L_0000021ce8715690, L_0000021ce870f6f0, C4<1>, C4<1>;
L_0000021ce869e820 .functor OR 1, L_0000021ce87155f0, L_0000021ce869e740, C4<0>, C4<0>;
L_0000021ce869e7b0 .functor AND 1, L_0000021ce870fe70, L_0000021ce870ddf0, C4<1>, C4<1>;
L_0000021ce869e510 .functor AND 1, L_0000021ce869e7b0, L_0000021ce870e430, C4<1>, C4<1>;
L_0000021ce8760380 .functor OR 1, L_0000021ce869e820, L_0000021ce869e510, C4<0>, C4<0>;
L_0000021ce875fba0 .functor AND 1, L_0000021ce870f330, L_0000021ce870dcb0, C4<1>, C4<1>;
L_0000021ce875f900 .functor AND 1, L_0000021ce875fba0, L_0000021ce870eed0, C4<1>, C4<1>;
L_0000021ce8760070 .functor AND 1, L_0000021ce875f900, L_0000021ce8715fd8, C4<1>, C4<1>;
L_0000021ce875f4a0 .functor OR 1, L_0000021ce8760380, L_0000021ce8760070, C4<0>, C4<0>;
L_0000021ce8760b60 .functor AND 1, L_0000021ce870ff10, L_0000021ce870e570, C4<1>, C4<1>;
L_0000021ce875fdd0 .functor OR 1, L_0000021ce870e7f0, L_0000021ce8760b60, C4<0>, C4<0>;
L_0000021ce875f6d0 .functor AND 1, L_0000021ce870df30, L_0000021ce870e6b0, C4<1>, C4<1>;
L_0000021ce875ff20 .functor AND 1, L_0000021ce875f6d0, L_0000021ce870fd30, C4<1>, C4<1>;
L_0000021ce875f9e0 .functor OR 1, L_0000021ce875fdd0, L_0000021ce875ff20, C4<0>, C4<0>;
L_0000021ce87600e0 .functor AND 1, L_0000021ce8710050, L_0000021ce870e1b0, C4<1>, C4<1>;
L_0000021ce875fc10 .functor AND 1, L_0000021ce87600e0, L_0000021ce870e250, C4<1>, C4<1>;
L_0000021ce8760690 .functor AND 1, L_0000021ce875fc10, L_0000021ce870e070, C4<1>, C4<1>;
L_0000021ce8760930 .functor OR 1, L_0000021ce875f9e0, L_0000021ce8760690, C4<0>, C4<0>;
L_0000021ce875fe40 .functor AND 1, L_0000021ce870e750, L_0000021ce870e890, C4<1>, C4<1>;
L_0000021ce875f040 .functor AND 1, L_0000021ce875fe40, L_0000021ce870f470, C4<1>, C4<1>;
L_0000021ce875f190 .functor AND 1, L_0000021ce875f040, L_0000021ce870eb10, C4<1>, C4<1>;
L_0000021ce875f510 .functor AND 1, L_0000021ce875f190, L_0000021ce8715fd8, C4<1>, C4<1>;
L_0000021ce875f7b0 .functor OR 1, L_0000021ce8760930, L_0000021ce875f510, C4<0>, C4<0>;
L_0000021ce875feb0 .functor AND 1, L_0000021ce870fb50, L_0000021ce870ea70, C4<1>, C4<1>;
L_0000021ce875fd60 .functor OR 1, L_0000021ce870ef70, L_0000021ce875feb0, C4<0>, C4<0>;
L_0000021ce87601c0 .functor AND 1, L_0000021ce870e610, L_0000021ce870dd50, C4<1>, C4<1>;
L_0000021ce875f740 .functor AND 1, L_0000021ce87601c0, L_0000021ce870e110, C4<1>, C4<1>;
L_0000021ce875fac0 .functor OR 1, L_0000021ce875fd60, L_0000021ce875f740, C4<0>, C4<0>;
L_0000021ce875f820 .functor AND 1, L_0000021ce870de90, L_0000021ce870f0b0, C4<1>, C4<1>;
L_0000021ce875f270 .functor AND 1, L_0000021ce875f820, L_0000021ce870fab0, C4<1>, C4<1>;
L_0000021ce875fb30 .functor AND 1, L_0000021ce875f270, L_0000021ce870fbf0, C4<1>, C4<1>;
L_0000021ce875f580 .functor OR 1, L_0000021ce875fac0, L_0000021ce875fb30, C4<0>, C4<0>;
L_0000021ce875f0b0 .functor AND 1, L_0000021ce87100f0, L_0000021ce870e930, C4<1>, C4<1>;
L_0000021ce875f5f0 .functor AND 1, L_0000021ce875f0b0, L_0000021ce870e9d0, C4<1>, C4<1>;
L_0000021ce87609a0 .functor AND 1, L_0000021ce875f5f0, L_0000021ce870dfd0, C4<1>, C4<1>;
v0000021ce869f970_0 .net "G", 3 0, L_0000021ce8715870;  alias, 1 drivers
v0000021ce869f650_0 .net "G4", 0 0, L_0000021ce875f580;  alias, 1 drivers
v0000021ce86a0910_0 .net "P", 3 0, L_0000021ce8715910;  alias, 1 drivers
v0000021ce86a0ff0_0 .net "P4", 0 0, L_0000021ce87609a0;  alias, 1 drivers
v0000021ce869f830_0 .net *"_ivl_102", 0 0, L_0000021ce870e250;  1 drivers
v0000021ce869f3d0_0 .net *"_ivl_103", 0 0, L_0000021ce875fc10;  1 drivers
v0000021ce869fbf0_0 .net *"_ivl_106", 0 0, L_0000021ce870e070;  1 drivers
v0000021ce869f0b0_0 .net *"_ivl_107", 0 0, L_0000021ce8760690;  1 drivers
v0000021ce86a0190_0 .net *"_ivl_109", 0 0, L_0000021ce8760930;  1 drivers
v0000021ce869ef70_0 .net *"_ivl_112", 0 0, L_0000021ce870e750;  1 drivers
v0000021ce869f8d0_0 .net *"_ivl_114", 0 0, L_0000021ce870e890;  1 drivers
v0000021ce869f5b0_0 .net *"_ivl_115", 0 0, L_0000021ce875fe40;  1 drivers
v0000021ce869ff10_0 .net *"_ivl_118", 0 0, L_0000021ce870f470;  1 drivers
v0000021ce869f150_0 .net *"_ivl_119", 0 0, L_0000021ce875f040;  1 drivers
v0000021ce86a0af0_0 .net *"_ivl_122", 0 0, L_0000021ce870eb10;  1 drivers
v0000021ce869f470_0 .net *"_ivl_123", 0 0, L_0000021ce875f190;  1 drivers
v0000021ce86a0870_0 .net *"_ivl_125", 0 0, L_0000021ce875f510;  1 drivers
v0000021ce86a00f0_0 .net *"_ivl_127", 0 0, L_0000021ce875f7b0;  1 drivers
v0000021ce86a0550_0 .net *"_ivl_13", 0 0, L_0000021ce8715a50;  1 drivers
v0000021ce869ea70_0 .net *"_ivl_130", 0 0, L_0000021ce870ef70;  1 drivers
v0000021ce869fe70_0 .net *"_ivl_132", 0 0, L_0000021ce870fb50;  1 drivers
v0000021ce86a05f0_0 .net *"_ivl_134", 0 0, L_0000021ce870ea70;  1 drivers
v0000021ce86a0230_0 .net *"_ivl_135", 0 0, L_0000021ce875feb0;  1 drivers
v0000021ce869eb10_0 .net *"_ivl_137", 0 0, L_0000021ce875fd60;  1 drivers
v0000021ce869f6f0_0 .net *"_ivl_140", 0 0, L_0000021ce870e610;  1 drivers
v0000021ce86a0eb0_0 .net *"_ivl_142", 0 0, L_0000021ce870dd50;  1 drivers
v0000021ce869fa10_0 .net *"_ivl_143", 0 0, L_0000021ce87601c0;  1 drivers
v0000021ce86a0f50_0 .net *"_ivl_146", 0 0, L_0000021ce870e110;  1 drivers
v0000021ce869fd30_0 .net *"_ivl_147", 0 0, L_0000021ce875f740;  1 drivers
v0000021ce869f510_0 .net *"_ivl_149", 0 0, L_0000021ce875fac0;  1 drivers
v0000021ce869ebb0_0 .net *"_ivl_15", 0 0, L_0000021ce8715730;  1 drivers
v0000021ce86a0730_0 .net *"_ivl_152", 0 0, L_0000021ce870de90;  1 drivers
v0000021ce869ed90_0 .net *"_ivl_154", 0 0, L_0000021ce870f0b0;  1 drivers
v0000021ce869ee30_0 .net *"_ivl_155", 0 0, L_0000021ce875f820;  1 drivers
v0000021ce869f1f0_0 .net *"_ivl_158", 0 0, L_0000021ce870fab0;  1 drivers
v0000021ce86a1090_0 .net *"_ivl_159", 0 0, L_0000021ce875f270;  1 drivers
v0000021ce86a0d70_0 .net *"_ivl_162", 0 0, L_0000021ce870fbf0;  1 drivers
v0000021ce86a0e10_0 .net *"_ivl_163", 0 0, L_0000021ce875fb30;  1 drivers
v0000021ce869fab0_0 .net *"_ivl_168", 0 0, L_0000021ce87100f0;  1 drivers
v0000021ce86a0c30_0 .net *"_ivl_17", 0 0, L_0000021ce8715af0;  1 drivers
v0000021ce869f790_0 .net *"_ivl_170", 0 0, L_0000021ce870e930;  1 drivers
v0000021ce86a0690_0 .net *"_ivl_171", 0 0, L_0000021ce875f0b0;  1 drivers
v0000021ce869fb50_0 .net *"_ivl_174", 0 0, L_0000021ce870e9d0;  1 drivers
v0000021ce86a0cd0_0 .net *"_ivl_175", 0 0, L_0000021ce875f5f0;  1 drivers
v0000021ce86a0b90_0 .net *"_ivl_178", 0 0, L_0000021ce870dfd0;  1 drivers
v0000021ce869fc90_0 .net *"_ivl_18", 0 0, L_0000021ce869cfa0;  1 drivers
v0000021ce869e930_0 .net *"_ivl_20", 0 0, L_0000021ce869d010;  1 drivers
v0000021ce869fdd0_0 .net *"_ivl_23", 0 0, L_0000021ce87154b0;  1 drivers
v0000021ce869e9d0_0 .net *"_ivl_25", 0 0, L_0000021ce8715550;  1 drivers
v0000021ce869ec50_0 .net *"_ivl_26", 0 0, L_0000021ce869e5f0;  1 drivers
v0000021ce869ffb0_0 .net *"_ivl_28", 0 0, L_0000021ce869e660;  1 drivers
v0000021ce86a02d0_0 .net *"_ivl_3", 0 0, L_0000021ce8715410;  1 drivers
v0000021ce86a07d0_0 .net *"_ivl_30", 0 0, L_0000021ce869e6d0;  1 drivers
v0000021ce86a0050_0 .net *"_ivl_35", 0 0, L_0000021ce87155f0;  1 drivers
v0000021ce86a0370_0 .net *"_ivl_37", 0 0, L_0000021ce8715690;  1 drivers
v0000021ce869ecf0_0 .net *"_ivl_39", 0 0, L_0000021ce870f6f0;  1 drivers
v0000021ce86a09b0_0 .net *"_ivl_40", 0 0, L_0000021ce869e740;  1 drivers
v0000021ce869eed0_0 .net *"_ivl_42", 0 0, L_0000021ce869e820;  1 drivers
v0000021ce869f290_0 .net *"_ivl_45", 0 0, L_0000021ce870fe70;  1 drivers
v0000021ce86a0410_0 .net *"_ivl_47", 0 0, L_0000021ce870ddf0;  1 drivers
v0000021ce86a04b0_0 .net *"_ivl_48", 0 0, L_0000021ce869e7b0;  1 drivers
v0000021ce86a0a50_0 .net *"_ivl_5", 0 0, L_0000021ce87159b0;  1 drivers
v0000021ce869f330_0 .net *"_ivl_51", 0 0, L_0000021ce870e430;  1 drivers
v0000021ce86fe3d0_0 .net *"_ivl_52", 0 0, L_0000021ce869e510;  1 drivers
v0000021ce86fef10_0 .net *"_ivl_54", 0 0, L_0000021ce8760380;  1 drivers
v0000021ce86fec90_0 .net *"_ivl_57", 0 0, L_0000021ce870f330;  1 drivers
v0000021ce86fd930_0 .net *"_ivl_59", 0 0, L_0000021ce870dcb0;  1 drivers
v0000021ce86fe5b0_0 .net *"_ivl_6", 0 0, L_0000021ce869df60;  1 drivers
v0000021ce86fdd90_0 .net *"_ivl_60", 0 0, L_0000021ce875fba0;  1 drivers
v0000021ce86fde30_0 .net *"_ivl_63", 0 0, L_0000021ce870eed0;  1 drivers
v0000021ce86fd9d0_0 .net *"_ivl_64", 0 0, L_0000021ce875f900;  1 drivers
v0000021ce86febf0_0 .net *"_ivl_66", 0 0, L_0000021ce8760070;  1 drivers
v0000021ce86feb50_0 .net *"_ivl_68", 0 0, L_0000021ce875f4a0;  1 drivers
v0000021ce86fe470_0 .net *"_ivl_74", 0 0, L_0000021ce870e7f0;  1 drivers
v0000021ce86fe650_0 .net *"_ivl_76", 0 0, L_0000021ce870ff10;  1 drivers
v0000021ce86fe510_0 .net *"_ivl_78", 0 0, L_0000021ce870e570;  1 drivers
v0000021ce86fd890_0 .net *"_ivl_79", 0 0, L_0000021ce8760b60;  1 drivers
v0000021ce86fee70_0 .net *"_ivl_8", 0 0, L_0000021ce869cf30;  1 drivers
v0000021ce86fe010_0 .net *"_ivl_81", 0 0, L_0000021ce875fdd0;  1 drivers
v0000021ce86fda70_0 .net *"_ivl_84", 0 0, L_0000021ce870df30;  1 drivers
v0000021ce86fe8d0_0 .net *"_ivl_86", 0 0, L_0000021ce870e6b0;  1 drivers
v0000021ce86fdb10_0 .net *"_ivl_87", 0 0, L_0000021ce875f6d0;  1 drivers
v0000021ce86feab0_0 .net *"_ivl_90", 0 0, L_0000021ce870fd30;  1 drivers
v0000021ce86fdbb0_0 .net *"_ivl_91", 0 0, L_0000021ce875ff20;  1 drivers
v0000021ce86fedd0_0 .net *"_ivl_93", 0 0, L_0000021ce875f9e0;  1 drivers
v0000021ce86fe6f0_0 .net *"_ivl_96", 0 0, L_0000021ce8710050;  1 drivers
v0000021ce86fed30_0 .net *"_ivl_98", 0 0, L_0000021ce870e1b0;  1 drivers
v0000021ce86fded0_0 .net *"_ivl_99", 0 0, L_0000021ce87600e0;  1 drivers
v0000021ce86fdc50_0 .net "c", 4 1, L_0000021ce870ffb0;  alias, 1 drivers
v0000021ce86fe290_0 .net "carry_in", 0 0, L_0000021ce8715fd8;  alias, 1 drivers
L_0000021ce8715410 .part L_0000021ce8715870, 0, 1;
L_0000021ce87159b0 .part L_0000021ce8715910, 0, 1;
L_0000021ce8715a50 .part L_0000021ce8715870, 1, 1;
L_0000021ce8715730 .part L_0000021ce8715910, 1, 1;
L_0000021ce8715af0 .part L_0000021ce8715870, 0, 1;
L_0000021ce87154b0 .part L_0000021ce8715910, 1, 1;
L_0000021ce8715550 .part L_0000021ce8715910, 0, 1;
L_0000021ce87155f0 .part L_0000021ce8715870, 2, 1;
L_0000021ce8715690 .part L_0000021ce8715910, 2, 1;
L_0000021ce870f6f0 .part L_0000021ce8715870, 1, 1;
L_0000021ce870fe70 .part L_0000021ce8715910, 2, 1;
L_0000021ce870ddf0 .part L_0000021ce8715910, 1, 1;
L_0000021ce870e430 .part L_0000021ce8715870, 0, 1;
L_0000021ce870f330 .part L_0000021ce8715910, 2, 1;
L_0000021ce870dcb0 .part L_0000021ce8715910, 1, 1;
L_0000021ce870eed0 .part L_0000021ce8715910, 0, 1;
L_0000021ce870ffb0 .concat8 [ 1 1 1 1], L_0000021ce869cf30, L_0000021ce869e6d0, L_0000021ce875f4a0, L_0000021ce875f7b0;
L_0000021ce870e7f0 .part L_0000021ce8715870, 3, 1;
L_0000021ce870ff10 .part L_0000021ce8715910, 3, 1;
L_0000021ce870e570 .part L_0000021ce8715870, 2, 1;
L_0000021ce870df30 .part L_0000021ce8715910, 3, 1;
L_0000021ce870e6b0 .part L_0000021ce8715910, 2, 1;
L_0000021ce870fd30 .part L_0000021ce8715870, 1, 1;
L_0000021ce8710050 .part L_0000021ce8715910, 3, 1;
L_0000021ce870e1b0 .part L_0000021ce8715910, 2, 1;
L_0000021ce870e250 .part L_0000021ce8715910, 1, 1;
L_0000021ce870e070 .part L_0000021ce8715870, 0, 1;
L_0000021ce870e750 .part L_0000021ce8715910, 3, 1;
L_0000021ce870e890 .part L_0000021ce8715910, 2, 1;
L_0000021ce870f470 .part L_0000021ce8715910, 1, 1;
L_0000021ce870eb10 .part L_0000021ce8715910, 0, 1;
L_0000021ce870ef70 .part L_0000021ce8715870, 3, 1;
L_0000021ce870fb50 .part L_0000021ce8715910, 3, 1;
L_0000021ce870ea70 .part L_0000021ce8715870, 2, 1;
L_0000021ce870e610 .part L_0000021ce8715910, 3, 1;
L_0000021ce870dd50 .part L_0000021ce8715910, 2, 1;
L_0000021ce870e110 .part L_0000021ce8715870, 1, 1;
L_0000021ce870de90 .part L_0000021ce8715910, 3, 1;
L_0000021ce870f0b0 .part L_0000021ce8715910, 2, 1;
L_0000021ce870fab0 .part L_0000021ce8715910, 1, 1;
L_0000021ce870fbf0 .part L_0000021ce8715870, 0, 1;
L_0000021ce87100f0 .part L_0000021ce8715910, 3, 1;
L_0000021ce870e930 .part L_0000021ce8715910, 2, 1;
L_0000021ce870e9d0 .part L_0000021ce8715910, 1, 1;
L_0000021ce870dfd0 .part L_0000021ce8715910, 0, 1;
S_0000021ce834e8d0 .scope module, "a2" "Add4" 2 139, 2 51 0, S_0000021ce829da00;
 .timescale 0 0;
    .port_info 0 /INPUT 4 "a";
    .port_info 1 /INPUT 4 "b";
    .port_info 2 /INPUT 1 "carry_in";
    .port_info 3 /OUTPUT 4 "ans";
    .port_info 4 /OUTPUT 1 "p_out";
    .port_info 5 /OUTPUT 1 "g_out";
v0000021ce8700b60_0 .net "G", 3 0, L_0000021ce870f150;  1 drivers
v0000021ce8700200_0 .net "P", 3 0, L_0000021ce8710370;  1 drivers
v0000021ce8700340_0 .net "a", 3 0, L_0000021ce8766ce0;  1 drivers
v0000021ce87011a0_0 .net "ans", 3 0, L_0000021ce870f010;  1 drivers
v0000021ce8700c00_0 .net "b", 3 0, L_0000021ce8767780;  1 drivers
v0000021ce87003e0_0 .net "c", 4 1, L_0000021ce8766920;  1 drivers
v0000021ce87012e0_0 .net "carry_in", 0 0, L_0000021ce8765f20;  1 drivers
v0000021ce8701420_0 .net "g_out", 0 0, L_0000021ce876f7c0;  1 drivers
v0000021ce8701100_0 .net "p_out", 0 0, L_0000021ce876f3d0;  1 drivers
L_0000021ce870ec50 .part L_0000021ce8766ce0, 0, 1;
L_0000021ce870dc10 .part L_0000021ce8767780, 0, 1;
L_0000021ce87102d0 .part L_0000021ce8766ce0, 1, 1;
L_0000021ce870fc90 .part L_0000021ce8767780, 1, 1;
L_0000021ce870ecf0 .part L_0000021ce8766920, 0, 1;
L_0000021ce870fdd0 .part L_0000021ce8766ce0, 2, 1;
L_0000021ce870ed90 .part L_0000021ce8767780, 2, 1;
L_0000021ce8710190 .part L_0000021ce8766920, 1, 1;
L_0000021ce870ee30 .part L_0000021ce8766ce0, 3, 1;
L_0000021ce870f510 .part L_0000021ce8767780, 3, 1;
L_0000021ce8710230 .part L_0000021ce8766920, 2, 1;
L_0000021ce870f150 .concat8 [ 1 1 1 1], L_0000021ce87604d0, L_0000021ce8760460, L_0000021ce875fa50, L_0000021ce8760230;
L_0000021ce8710370 .concat8 [ 1 1 1 1], L_0000021ce875f970, L_0000021ce8760a10, L_0000021ce875f660, L_0000021ce8760150;
L_0000021ce870f010 .concat8 [ 1 1 1 1], L_0000021ce875ff90, L_0000021ce875f350, L_0000021ce8760000, L_0000021ce87602a0;
S_0000021ce86ff040 .scope module, "a1" "Adder" 2 62, 2 38 0, S_0000021ce834e8d0;
 .timescale 0 0;
    .port_info 0 /INPUT 1 "a";
    .port_info 1 /INPUT 1 "b";
    .port_info 2 /INPUT 1 "carry_in";
    .port_info 3 /OUTPUT 1 "G";
    .port_info 4 /OUTPUT 1 "P";
    .port_info 5 /OUTPUT 1 "temp_ans";
L_0000021ce875f970 .functor OR 1, L_0000021ce870ec50, L_0000021ce870dc10, C4<0>, C4<0>;
L_0000021ce87604d0 .functor AND 1, L_0000021ce870ec50, L_0000021ce870dc10, C4<1>, C4<1>;
L_0000021ce875f890 .functor XOR 1, L_0000021ce870ec50, L_0000021ce870dc10, C4<0>, C4<0>;
L_0000021ce875ff90 .functor XOR 1, L_0000021ce875f890, L_0000021ce8765f20, C4<0>, C4<0>;
v0000021ce86fea10_0 .net "G", 0 0, L_0000021ce87604d0;  1 drivers
v0000021ce86fc7b0_0 .net "P", 0 0, L_0000021ce875f970;  1 drivers
v0000021ce86fc850_0 .net *"_ivl_4", 0 0, L_0000021ce875f890;  1 drivers
v0000021ce86fcdf0_0 .net "a", 0 0, L_0000021ce870ec50;  1 drivers
v0000021ce86fd430_0 .net "b", 0 0, L_0000021ce870dc10;  1 drivers
v0000021ce86fd7f0_0 .net "carry_in", 0 0, L_0000021ce8765f20;  alias, 1 drivers
v0000021ce86fcfd0_0 .net "temp_ans", 0 0, L_0000021ce875ff90;  1 drivers
S_0000021ce86ff1d0 .scope module, "a2" "Adder" 2 70, 2 38 0, S_0000021ce834e8d0;
 .timescale 0 0;
    .port_info 0 /INPUT 1 "a";
    .port_info 1 /INPUT 1 "b";
    .port_info 2 /INPUT 1 "carry_in";
    .port_info 3 /OUTPUT 1 "G";
    .port_info 4 /OUTPUT 1 "P";
    .port_info 5 /OUTPUT 1 "temp_ans";
L_0000021ce8760a10 .functor OR 1, L_0000021ce87102d0, L_0000021ce870fc90, C4<0>, C4<0>;
L_0000021ce8760460 .functor AND 1, L_0000021ce87102d0, L_0000021ce870fc90, C4<1>, C4<1>;
L_0000021ce8760310 .functor XOR 1, L_0000021ce87102d0, L_0000021ce870fc90, C4<0>, C4<0>;
L_0000021ce875f350 .functor XOR 1, L_0000021ce8760310, L_0000021ce870ecf0, C4<0>, C4<0>;
v0000021ce86fc3f0_0 .net "G", 0 0, L_0000021ce8760460;  1 drivers
v0000021ce86fce90_0 .net "P", 0 0, L_0000021ce8760a10;  1 drivers
v0000021ce86fc0d0_0 .net *"_ivl_4", 0 0, L_0000021ce8760310;  1 drivers
v0000021ce86fcad0_0 .net "a", 0 0, L_0000021ce87102d0;  1 drivers
v0000021ce86fbbd0_0 .net "b", 0 0, L_0000021ce870fc90;  1 drivers
v0000021ce86fbc70_0 .net "carry_in", 0 0, L_0000021ce870ecf0;  1 drivers
v0000021ce86fd6b0_0 .net "temp_ans", 0 0, L_0000021ce875f350;  1 drivers
S_0000021ce86ff360 .scope module, "a3" "Adder" 2 78, 2 38 0, S_0000021ce834e8d0;
 .timescale 0 0;
    .port_info 0 /INPUT 1 "a";
    .port_info 1 /INPUT 1 "b";
    .port_info 2 /INPUT 1 "carry_in";
    .port_info 3 /OUTPUT 1 "G";
    .port_info 4 /OUTPUT 1 "P";
    .port_info 5 /OUTPUT 1 "temp_ans";
L_0000021ce875f660 .functor OR 1, L_0000021ce870fdd0, L_0000021ce870ed90, C4<0>, C4<0>;
L_0000021ce875fa50 .functor AND 1, L_0000021ce870fdd0, L_0000021ce870ed90, C4<1>, C4<1>;
L_0000021ce875f200 .functor XOR 1, L_0000021ce870fdd0, L_0000021ce870ed90, C4<0>, C4<0>;
L_0000021ce8760000 .functor XOR 1, L_0000021ce875f200, L_0000021ce8710190, C4<0>, C4<0>;
v0000021ce86fc670_0 .net "G", 0 0, L_0000021ce875fa50;  1 drivers
v0000021ce86fc490_0 .net "P", 0 0, L_0000021ce875f660;  1 drivers
v0000021ce86fb770_0 .net *"_ivl_4", 0 0, L_0000021ce875f200;  1 drivers
v0000021ce86fd070_0 .net "a", 0 0, L_0000021ce870fdd0;  1 drivers
v0000021ce86fb4f0_0 .net "b", 0 0, L_0000021ce870ed90;  1 drivers
v0000021ce86fc8f0_0 .net "carry_in", 0 0, L_0000021ce8710190;  1 drivers
v0000021ce86fb630_0 .net "temp_ans", 0 0, L_0000021ce8760000;  1 drivers
S_0000021ce86ff4f0 .scope module, "a4" "Adder" 2 86, 2 38 0, S_0000021ce834e8d0;
 .timescale 0 0;
    .port_info 0 /INPUT 1 "a";
    .port_info 1 /INPUT 1 "b";
    .port_info 2 /INPUT 1 "carry_in";
    .port_info 3 /OUTPUT 1 "G";
    .port_info 4 /OUTPUT 1 "P";
    .port_info 5 /OUTPUT 1 "temp_ans";
L_0000021ce8760150 .functor OR 1, L_0000021ce870ee30, L_0000021ce870f510, C4<0>, C4<0>;
L_0000021ce8760230 .functor AND 1, L_0000021ce870ee30, L_0000021ce870f510, C4<1>, C4<1>;
L_0000021ce8760540 .functor XOR 1, L_0000021ce870ee30, L_0000021ce870f510, C4<0>, C4<0>;
L_0000021ce87602a0 .functor XOR 1, L_0000021ce8760540, L_0000021ce8710230, C4<0>, C4<0>;
v0000021ce86fc710_0 .net "G", 0 0, L_0000021ce8760230;  1 drivers
v0000021ce86fd250_0 .net "P", 0 0, L_0000021ce8760150;  1 drivers
v0000021ce86fb090_0 .net *"_ivl_4", 0 0, L_0000021ce8760540;  1 drivers
v0000021ce86fb310_0 .net "a", 0 0, L_0000021ce870ee30;  1 drivers
v0000021ce86fb130_0 .net "b", 0 0, L_0000021ce870f510;  1 drivers
v0000021ce86fb450_0 .net "carry_in", 0 0, L_0000021ce8710230;  1 drivers
v0000021ce86fc990_0 .net "temp_ans", 0 0, L_0000021ce87602a0;  1 drivers
S_0000021ce86ff680 .scope module, "cla" "CLA4" 2 94, 2 104 0, S_0000021ce834e8d0;
 .timescale 0 0;
    .port_info 0 /INPUT 4 "P";
    .port_info 1 /INPUT 4 "G";
    .port_info 2 /INPUT 1 "carry_in";
    .port_info 3 /OUTPUT 4 "c";
    .port_info 4 /OUTPUT 1 "P4";
    .port_info 5 /OUTPUT 1 "G4";
L_0000021ce875fc80 .functor AND 1, L_0000021ce870e4d0, L_0000021ce8765f20, C4<1>, C4<1>;
L_0000021ce875fcf0 .functor OR 1, L_0000021ce870e390, L_0000021ce875fc80, C4<0>, C4<0>;
L_0000021ce875f120 .functor AND 1, L_0000021ce870f830, L_0000021ce870f290, C4<1>, C4<1>;
L_0000021ce87603f0 .functor OR 1, L_0000021ce870f1f0, L_0000021ce875f120, C4<0>, C4<0>;
L_0000021ce87605b0 .functor AND 1, L_0000021ce870f3d0, L_0000021ce870f5b0, C4<1>, C4<1>;
L_0000021ce8760620 .functor AND 1, L_0000021ce87605b0, L_0000021ce8765f20, C4<1>, C4<1>;
L_0000021ce8760700 .functor OR 1, L_0000021ce87603f0, L_0000021ce8760620, C4<0>, C4<0>;
L_0000021ce8760770 .functor AND 1, L_0000021ce870f790, L_0000021ce870f8d0, C4<1>, C4<1>;
L_0000021ce87607e0 .functor OR 1, L_0000021ce870f650, L_0000021ce8760770, C4<0>, C4<0>;
L_0000021ce8760850 .functor AND 1, L_0000021ce870f970, L_0000021ce870fa10, C4<1>, C4<1>;
L_0000021ce87608c0 .functor AND 1, L_0000021ce8760850, L_0000021ce87666a0, C4<1>, C4<1>;
L_0000021ce875f3c0 .functor OR 1, L_0000021ce87607e0, L_0000021ce87608c0, C4<0>, C4<0>;
L_0000021ce8760af0 .functor AND 1, L_0000021ce8765e80, L_0000021ce87661a0, C4<1>, C4<1>;
L_0000021ce8760a80 .functor AND 1, L_0000021ce8760af0, L_0000021ce8766240, C4<1>, C4<1>;
L_0000021ce8760bd0 .functor AND 1, L_0000021ce8760a80, L_0000021ce8765f20, C4<1>, C4<1>;
L_0000021ce875f2e0 .functor OR 1, L_0000021ce875f3c0, L_0000021ce8760bd0, C4<0>, C4<0>;
L_0000021ce875f430 .functor AND 1, L_0000021ce8766740, L_0000021ce8767640, C4<1>, C4<1>;
L_0000021ce8760ee0 .functor OR 1, L_0000021ce8768040, L_0000021ce875f430, C4<0>, C4<0>;
L_0000021ce8760e00 .functor AND 1, L_0000021ce8766880, L_0000021ce8766380, C4<1>, C4<1>;
L_0000021ce8760e70 .functor AND 1, L_0000021ce8760e00, L_0000021ce87662e0, C4<1>, C4<1>;
L_0000021ce8760f50 .functor OR 1, L_0000021ce8760ee0, L_0000021ce8760e70, C4<0>, C4<0>;
L_0000021ce8760d20 .functor AND 1, L_0000021ce8766b00, L_0000021ce8767aa0, C4<1>, C4<1>;
L_0000021ce8760c40 .functor AND 1, L_0000021ce8760d20, L_0000021ce87671e0, C4<1>, C4<1>;
L_0000021ce8760cb0 .functor AND 1, L_0000021ce8760c40, L_0000021ce8766420, C4<1>, C4<1>;
L_0000021ce8760d90 .functor OR 1, L_0000021ce8760f50, L_0000021ce8760cb0, C4<0>, C4<0>;
L_0000021ce869e580 .functor AND 1, L_0000021ce8767460, L_0000021ce87673c0, C4<1>, C4<1>;
L_0000021ce876f980 .functor AND 1, L_0000021ce869e580, L_0000021ce8767c80, C4<1>, C4<1>;
L_0000021ce876fb40 .functor AND 1, L_0000021ce876f980, L_0000021ce8766f60, C4<1>, C4<1>;
L_0000021ce876f4b0 .functor AND 1, L_0000021ce876fb40, L_0000021ce8765f20, C4<1>, C4<1>;
L_0000021ce876ffa0 .functor OR 1, L_0000021ce8760d90, L_0000021ce876f4b0, C4<0>, C4<0>;
L_0000021ce8770010 .functor AND 1, L_0000021ce8766600, L_0000021ce8768180, C4<1>, C4<1>;
L_0000021ce87704e0 .functor OR 1, L_0000021ce8766060, L_0000021ce8770010, C4<0>, C4<0>;
L_0000021ce876fde0 .functor AND 1, L_0000021ce87667e0, L_0000021ce8767500, C4<1>, C4<1>;
L_0000021ce876fd70 .functor AND 1, L_0000021ce876fde0, L_0000021ce87680e0, C4<1>, C4<1>;
L_0000021ce87702b0 .functor OR 1, L_0000021ce87704e0, L_0000021ce876fd70, C4<0>, C4<0>;
L_0000021ce87700f0 .functor AND 1, L_0000021ce8768220, L_0000021ce87664c0, C4<1>, C4<1>;
L_0000021ce876f910 .functor AND 1, L_0000021ce87700f0, L_0000021ce8767f00, C4<1>, C4<1>;
L_0000021ce876f600 .functor AND 1, L_0000021ce876f910, L_0000021ce87676e0, C4<1>, C4<1>;
L_0000021ce876f7c0 .functor OR 1, L_0000021ce87702b0, L_0000021ce876f600, C4<0>, C4<0>;
L_0000021ce876f0c0 .functor AND 1, L_0000021ce8767000, L_0000021ce87682c0, C4<1>, C4<1>;
L_0000021ce87707f0 .functor AND 1, L_0000021ce876f0c0, L_0000021ce8765de0, C4<1>, C4<1>;
L_0000021ce876f3d0 .functor AND 1, L_0000021ce87707f0, L_0000021ce8768360, C4<1>, C4<1>;
v0000021ce86fbe50_0 .net "G", 3 0, L_0000021ce870f150;  alias, 1 drivers
v0000021ce86fcb70_0 .net "G4", 0 0, L_0000021ce876f7c0;  alias, 1 drivers
v0000021ce86fb590_0 .net "P", 3 0, L_0000021ce8710370;  alias, 1 drivers
v0000021ce86fbef0_0 .net "P4", 0 0, L_0000021ce876f3d0;  alias, 1 drivers
v0000021ce86fba90_0 .net *"_ivl_102", 0 0, L_0000021ce87671e0;  1 drivers
v0000021ce86fb1d0_0 .net *"_ivl_103", 0 0, L_0000021ce8760c40;  1 drivers
v0000021ce86fb6d0_0 .net *"_ivl_106", 0 0, L_0000021ce8766420;  1 drivers
v0000021ce86fcc10_0 .net *"_ivl_107", 0 0, L_0000021ce8760cb0;  1 drivers
v0000021ce86fccb0_0 .net *"_ivl_109", 0 0, L_0000021ce8760d90;  1 drivers
v0000021ce86fca30_0 .net *"_ivl_112", 0 0, L_0000021ce8767460;  1 drivers
v0000021ce86fcd50_0 .net *"_ivl_114", 0 0, L_0000021ce87673c0;  1 drivers
v0000021ce86fcf30_0 .net *"_ivl_115", 0 0, L_0000021ce869e580;  1 drivers
v0000021ce86fc5d0_0 .net *"_ivl_118", 0 0, L_0000021ce8767c80;  1 drivers
v0000021ce86fbd10_0 .net *"_ivl_119", 0 0, L_0000021ce876f980;  1 drivers
v0000021ce86fb3b0_0 .net *"_ivl_122", 0 0, L_0000021ce8766f60;  1 drivers
v0000021ce86fd110_0 .net *"_ivl_123", 0 0, L_0000021ce876fb40;  1 drivers
v0000021ce86fd4d0_0 .net *"_ivl_125", 0 0, L_0000021ce876f4b0;  1 drivers
v0000021ce86fb270_0 .net *"_ivl_127", 0 0, L_0000021ce876ffa0;  1 drivers
v0000021ce86fbf90_0 .net *"_ivl_13", 0 0, L_0000021ce870f1f0;  1 drivers
v0000021ce86fb810_0 .net *"_ivl_130", 0 0, L_0000021ce8766060;  1 drivers
v0000021ce86fd1b0_0 .net *"_ivl_132", 0 0, L_0000021ce8766600;  1 drivers
v0000021ce86fd2f0_0 .net *"_ivl_134", 0 0, L_0000021ce8768180;  1 drivers
v0000021ce86fd390_0 .net *"_ivl_135", 0 0, L_0000021ce8770010;  1 drivers
v0000021ce86fd570_0 .net *"_ivl_137", 0 0, L_0000021ce87704e0;  1 drivers
v0000021ce86fb8b0_0 .net *"_ivl_140", 0 0, L_0000021ce87667e0;  1 drivers
v0000021ce86fd610_0 .net *"_ivl_142", 0 0, L_0000021ce8767500;  1 drivers
v0000021ce86fb950_0 .net *"_ivl_143", 0 0, L_0000021ce876fde0;  1 drivers
v0000021ce86fd750_0 .net *"_ivl_146", 0 0, L_0000021ce87680e0;  1 drivers
v0000021ce86fb9f0_0 .net *"_ivl_147", 0 0, L_0000021ce876fd70;  1 drivers
v0000021ce86fc030_0 .net *"_ivl_149", 0 0, L_0000021ce87702b0;  1 drivers
v0000021ce86fbdb0_0 .net *"_ivl_15", 0 0, L_0000021ce870f830;  1 drivers
v0000021ce86fc530_0 .net *"_ivl_152", 0 0, L_0000021ce8768220;  1 drivers
v0000021ce86fbb30_0 .net *"_ivl_154", 0 0, L_0000021ce87664c0;  1 drivers
v0000021ce86fc170_0 .net *"_ivl_155", 0 0, L_0000021ce87700f0;  1 drivers
v0000021ce86fc210_0 .net *"_ivl_158", 0 0, L_0000021ce8767f00;  1 drivers
v0000021ce86fc2b0_0 .net *"_ivl_159", 0 0, L_0000021ce876f910;  1 drivers
v0000021ce86fc350_0 .net *"_ivl_162", 0 0, L_0000021ce87676e0;  1 drivers
v0000021ce8701b00_0 .net *"_ivl_163", 0 0, L_0000021ce876f600;  1 drivers
v0000021ce86ffa80_0 .net *"_ivl_168", 0 0, L_0000021ce8767000;  1 drivers
v0000021ce8700700_0 .net *"_ivl_17", 0 0, L_0000021ce870f290;  1 drivers
v0000021ce8700660_0 .net *"_ivl_170", 0 0, L_0000021ce87682c0;  1 drivers
v0000021ce86ffd00_0 .net *"_ivl_171", 0 0, L_0000021ce876f0c0;  1 drivers
v0000021ce8702140_0 .net *"_ivl_174", 0 0, L_0000021ce8765de0;  1 drivers
v0000021ce8700ac0_0 .net *"_ivl_175", 0 0, L_0000021ce87707f0;  1 drivers
v0000021ce87019c0_0 .net *"_ivl_178", 0 0, L_0000021ce8768360;  1 drivers
v0000021ce8700840_0 .net *"_ivl_18", 0 0, L_0000021ce875f120;  1 drivers
v0000021ce8702000_0 .net *"_ivl_20", 0 0, L_0000021ce87603f0;  1 drivers
v0000021ce8701e20_0 .net *"_ivl_23", 0 0, L_0000021ce870f3d0;  1 drivers
v0000021ce8701920_0 .net *"_ivl_25", 0 0, L_0000021ce870f5b0;  1 drivers
v0000021ce87020a0_0 .net *"_ivl_26", 0 0, L_0000021ce87605b0;  1 drivers
v0000021ce8700de0_0 .net *"_ivl_28", 0 0, L_0000021ce8760620;  1 drivers
v0000021ce87017e0_0 .net *"_ivl_3", 0 0, L_0000021ce870e390;  1 drivers
v0000021ce8701d80_0 .net *"_ivl_30", 0 0, L_0000021ce8760700;  1 drivers
v0000021ce87000c0_0 .net *"_ivl_35", 0 0, L_0000021ce870f650;  1 drivers
v0000021ce8700980_0 .net *"_ivl_37", 0 0, L_0000021ce870f790;  1 drivers
v0000021ce87007a0_0 .net *"_ivl_39", 0 0, L_0000021ce870f8d0;  1 drivers
v0000021ce8701060_0 .net *"_ivl_40", 0 0, L_0000021ce8760770;  1 drivers
v0000021ce87002a0_0 .net *"_ivl_42", 0 0, L_0000021ce87607e0;  1 drivers
v0000021ce8701c40_0 .net *"_ivl_45", 0 0, L_0000021ce870f970;  1 drivers
v0000021ce8700520_0 .net *"_ivl_47", 0 0, L_0000021ce870fa10;  1 drivers
v0000021ce8701a60_0 .net *"_ivl_48", 0 0, L_0000021ce8760850;  1 drivers
v0000021ce8701240_0 .net *"_ivl_5", 0 0, L_0000021ce870e4d0;  1 drivers
v0000021ce8701ce0_0 .net *"_ivl_51", 0 0, L_0000021ce87666a0;  1 drivers
v0000021ce8700d40_0 .net *"_ivl_52", 0 0, L_0000021ce87608c0;  1 drivers
v0000021ce8700fc0_0 .net *"_ivl_54", 0 0, L_0000021ce875f3c0;  1 drivers
v0000021ce8701740_0 .net *"_ivl_57", 0 0, L_0000021ce8765e80;  1 drivers
v0000021ce8701380_0 .net *"_ivl_59", 0 0, L_0000021ce87661a0;  1 drivers
v0000021ce86ffbc0_0 .net *"_ivl_6", 0 0, L_0000021ce875fc80;  1 drivers
v0000021ce87008e0_0 .net *"_ivl_60", 0 0, L_0000021ce8760af0;  1 drivers
v0000021ce87021e0_0 .net *"_ivl_63", 0 0, L_0000021ce8766240;  1 drivers
v0000021ce8700a20_0 .net *"_ivl_64", 0 0, L_0000021ce8760a80;  1 drivers
v0000021ce86ffb20_0 .net *"_ivl_66", 0 0, L_0000021ce8760bd0;  1 drivers
v0000021ce8700e80_0 .net *"_ivl_68", 0 0, L_0000021ce875f2e0;  1 drivers
v0000021ce87005c0_0 .net *"_ivl_74", 0 0, L_0000021ce8768040;  1 drivers
v0000021ce86ffda0_0 .net *"_ivl_76", 0 0, L_0000021ce8766740;  1 drivers
v0000021ce8701880_0 .net *"_ivl_78", 0 0, L_0000021ce8767640;  1 drivers
v0000021ce86ffee0_0 .net *"_ivl_79", 0 0, L_0000021ce875f430;  1 drivers
v0000021ce86fff80_0 .net *"_ivl_8", 0 0, L_0000021ce875fcf0;  1 drivers
v0000021ce8700160_0 .net *"_ivl_81", 0 0, L_0000021ce8760ee0;  1 drivers
v0000021ce86ffc60_0 .net *"_ivl_84", 0 0, L_0000021ce8766880;  1 drivers
v0000021ce8701ec0_0 .net *"_ivl_86", 0 0, L_0000021ce8766380;  1 drivers
v0000021ce8701f60_0 .net *"_ivl_87", 0 0, L_0000021ce8760e00;  1 drivers
v0000021ce8701ba0_0 .net *"_ivl_90", 0 0, L_0000021ce87662e0;  1 drivers
v0000021ce8700ca0_0 .net *"_ivl_91", 0 0, L_0000021ce8760e70;  1 drivers
v0000021ce87014c0_0 .net *"_ivl_93", 0 0, L_0000021ce8760f50;  1 drivers
v0000021ce86ffe40_0 .net *"_ivl_96", 0 0, L_0000021ce8766b00;  1 drivers
v0000021ce87016a0_0 .net *"_ivl_98", 0 0, L_0000021ce8767aa0;  1 drivers
v0000021ce8700480_0 .net *"_ivl_99", 0 0, L_0000021ce8760d20;  1 drivers
v0000021ce8700f20_0 .net "c", 4 1, L_0000021ce8766920;  alias, 1 drivers
v0000021ce8700020_0 .net "carry_in", 0 0, L_0000021ce8765f20;  alias, 1 drivers
L_0000021ce870e390 .part L_0000021ce870f150, 0, 1;
L_0000021ce870e4d0 .part L_0000021ce8710370, 0, 1;
L_0000021ce870f1f0 .part L_0000021ce870f150, 1, 1;
L_0000021ce870f830 .part L_0000021ce8710370, 1, 1;
L_0000021ce870f290 .part L_0000021ce870f150, 0, 1;
L_0000021ce870f3d0 .part L_0000021ce8710370, 1, 1;
L_0000021ce870f5b0 .part L_0000021ce8710370, 0, 1;
L_0000021ce870f650 .part L_0000021ce870f150, 2, 1;
L_0000021ce870f790 .part L_0000021ce8710370, 2, 1;
L_0000021ce870f8d0 .part L_0000021ce870f150, 1, 1;
L_0000021ce870f970 .part L_0000021ce8710370, 2, 1;
L_0000021ce870fa10 .part L_0000021ce8710370, 1, 1;
L_0000021ce87666a0 .part L_0000021ce870f150, 0, 1;
L_0000021ce8765e80 .part L_0000021ce8710370, 2, 1;
L_0000021ce87661a0 .part L_0000021ce8710370, 1, 1;
L_0000021ce8766240 .part L_0000021ce8710370, 0, 1;
L_0000021ce8766920 .concat8 [ 1 1 1 1], L_0000021ce875fcf0, L_0000021ce8760700, L_0000021ce875f2e0, L_0000021ce876ffa0;
L_0000021ce8768040 .part L_0000021ce870f150, 3, 1;
L_0000021ce8766740 .part L_0000021ce8710370, 3, 1;
L_0000021ce8767640 .part L_0000021ce870f150, 2, 1;
L_0000021ce8766880 .part L_0000021ce8710370, 3, 1;
L_0000021ce8766380 .part L_0000021ce8710370, 2, 1;
L_0000021ce87662e0 .part L_0000021ce870f150, 1, 1;
L_0000021ce8766b00 .part L_0000021ce8710370, 3, 1;
L_0000021ce8767aa0 .part L_0000021ce8710370, 2, 1;
L_0000021ce87671e0 .part L_0000021ce8710370, 1, 1;
L_0000021ce8766420 .part L_0000021ce870f150, 0, 1;
L_0000021ce8767460 .part L_0000021ce8710370, 3, 1;
L_0000021ce87673c0 .part L_0000021ce8710370, 2, 1;
L_0000021ce8767c80 .part L_0000021ce8710370, 1, 1;
L_0000021ce8766f60 .part L_0000021ce8710370, 0, 1;
L_0000021ce8766060 .part L_0000021ce870f150, 3, 1;
L_0000021ce8766600 .part L_0000021ce8710370, 3, 1;
L_0000021ce8768180 .part L_0000021ce870f150, 2, 1;
L_0000021ce87667e0 .part L_0000021ce8710370, 3, 1;
L_0000021ce8767500 .part L_0000021ce8710370, 2, 1;
L_0000021ce87680e0 .part L_0000021ce870f150, 1, 1;
L_0000021ce8768220 .part L_0000021ce8710370, 3, 1;
L_0000021ce87664c0 .part L_0000021ce8710370, 2, 1;
L_0000021ce8767f00 .part L_0000021ce8710370, 1, 1;
L_0000021ce87676e0 .part L_0000021ce870f150, 0, 1;
L_0000021ce8767000 .part L_0000021ce8710370, 3, 1;
L_0000021ce87682c0 .part L_0000021ce8710370, 2, 1;
L_0000021ce8765de0 .part L_0000021ce8710370, 1, 1;
L_0000021ce8768360 .part L_0000021ce8710370, 0, 1;
S_0000021ce8703e40 .scope module, "a3" "Add4" 2 147, 2 51 0, S_0000021ce829da00;
 .timescale 0 0;
    .port_info 0 /INPUT 4 "a";
    .port_info 1 /INPUT 4 "b";
    .port_info 2 /INPUT 1 "carry_in";
    .port_info 3 /OUTPUT 4 "ans";
    .port_info 4 /OUTPUT 1 "p_out";
    .port_info 5 /OUTPUT 1 "g_out";
v0000021ce870b5d0_0 .net "G", 3 0, L_0000021ce87669c0;  1 drivers
v0000021ce870b0d0_0 .net "P", 3 0, L_0000021ce87678c0;  1 drivers
v0000021ce870a810_0 .net "a", 3 0, L_0000021ce87684a0;  1 drivers
v0000021ce870a310_0 .net "ans", 3 0, L_0000021ce8767b40;  1 drivers
v0000021ce870a630_0 .net "b", 3 0, L_0000021ce8768860;  1 drivers
v0000021ce870c750_0 .net "c", 4 1, L_0000021ce87698a0;  1 drivers
v0000021ce870c610_0 .net "carry_in", 0 0, L_0000021ce8768b80;  1 drivers
v0000021ce870a8b0_0 .net "g_out", 0 0, L_0000021ce8770a20;  1 drivers
v0000021ce870a1d0_0 .net "p_out", 0 0, L_0000021ce8778090;  1 drivers
L_0000021ce8767e60 .part L_0000021ce87684a0, 0, 1;
L_0000021ce87670a0 .part L_0000021ce8768860, 0, 1;
L_0000021ce8767960 .part L_0000021ce87684a0, 1, 1;
L_0000021ce8767820 .part L_0000021ce8768860, 1, 1;
L_0000021ce8766100 .part L_0000021ce87698a0, 0, 1;
L_0000021ce8767140 .part L_0000021ce87684a0, 2, 1;
L_0000021ce8766a60 .part L_0000021ce8768860, 2, 1;
L_0000021ce8766560 .part L_0000021ce87698a0, 1, 1;
L_0000021ce8767d20 .part L_0000021ce87684a0, 3, 1;
L_0000021ce8767280 .part L_0000021ce8768860, 3, 1;
L_0000021ce8765fc0 .part L_0000021ce87698a0, 2, 1;
L_0000021ce87669c0 .concat8 [ 1 1 1 1], L_0000021ce87706a0, L_0000021ce8770160, L_0000021ce876fe50, L_0000021ce876f280;
L_0000021ce87678c0 .concat8 [ 1 1 1 1], L_0000021ce8770780, L_0000021ce876f1a0, L_0000021ce876ee90, L_0000021ce876fbb0;
L_0000021ce8767b40 .concat8 [ 1 1 1 1], L_0000021ce876f130, L_0000021ce876f670, L_0000021ce87708d0, L_0000021ce876fa60;
S_0000021ce86ff810 .scope module, "a1" "Adder" 2 62, 2 38 0, S_0000021ce8703e40;
 .timescale 0 0;
    .port_info 0 /INPUT 1 "a";
    .port_info 1 /INPUT 1 "b";
    .port_info 2 /INPUT 1 "carry_in";
    .port_info 3 /OUTPUT 1 "G";
    .port_info 4 /OUTPUT 1 "P";
    .port_info 5 /OUTPUT 1 "temp_ans";
L_0000021ce8770780 .functor OR 1, L_0000021ce8767e60, L_0000021ce87670a0, C4<0>, C4<0>;
L_0000021ce87706a0 .functor AND 1, L_0000021ce8767e60, L_0000021ce87670a0, C4<1>, C4<1>;
L_0000021ce87701d0 .functor XOR 1, L_0000021ce8767e60, L_0000021ce87670a0, C4<0>, C4<0>;
L_0000021ce876f130 .functor XOR 1, L_0000021ce87701d0, L_0000021ce8768b80, C4<0>, C4<0>;
v0000021ce8701560_0 .net "G", 0 0, L_0000021ce87706a0;  1 drivers
v0000021ce8701600_0 .net "P", 0 0, L_0000021ce8770780;  1 drivers
v0000021ce8703720_0 .net *"_ivl_4", 0 0, L_0000021ce87701d0;  1 drivers
v0000021ce8702320_0 .net "a", 0 0, L_0000021ce8767e60;  1 drivers
v0000021ce8703220_0 .net "b", 0 0, L_0000021ce87670a0;  1 drivers
v0000021ce8703680_0 .net "carry_in", 0 0, L_0000021ce8768b80;  alias, 1 drivers
v0000021ce8702780_0 .net "temp_ans", 0 0, L_0000021ce876f130;  1 drivers
S_0000021ce8703fd0 .scope module, "a2" "Adder" 2 70, 2 38 0, S_0000021ce8703e40;
 .timescale 0 0;
    .port_info 0 /INPUT 1 "a";
    .port_info 1 /INPUT 1 "b";
    .port_info 2 /INPUT 1 "carry_in";
    .port_info 3 /OUTPUT 1 "G";
    .port_info 4 /OUTPUT 1 "P";
    .port_info 5 /OUTPUT 1 "temp_ans";
L_0000021ce876f1a0 .functor OR 1, L_0000021ce8767960, L_0000021ce8767820, C4<0>, C4<0>;
L_0000021ce8770160 .functor AND 1, L_0000021ce8767960, L_0000021ce8767820, C4<1>, C4<1>;
L_0000021ce8770860 .functor XOR 1, L_0000021ce8767960, L_0000021ce8767820, C4<0>, C4<0>;
L_0000021ce876f670 .functor XOR 1, L_0000021ce8770860, L_0000021ce8766100, C4<0>, C4<0>;
v0000021ce8702be0_0 .net "G", 0 0, L_0000021ce8770160;  1 drivers
v0000021ce8702820_0 .net "P", 0 0, L_0000021ce876f1a0;  1 drivers
v0000021ce8703540_0 .net *"_ivl_4", 0 0, L_0000021ce8770860;  1 drivers
v0000021ce8702e60_0 .net "a", 0 0, L_0000021ce8767960;  1 drivers
v0000021ce8702960_0 .net "b", 0 0, L_0000021ce8767820;  1 drivers
v0000021ce8702aa0_0 .net "carry_in", 0 0, L_0000021ce8766100;  1 drivers
v0000021ce8702f00_0 .net "temp_ans", 0 0, L_0000021ce876f670;  1 drivers
S_0000021ce8704660 .scope module, "a3" "Adder" 2 78, 2 38 0, S_0000021ce8703e40;
 .timescale 0 0;
    .port_info 0 /INPUT 1 "a";
    .port_info 1 /INPUT 1 "b";
    .port_info 2 /INPUT 1 "carry_in";
    .port_info 3 /OUTPUT 1 "G";
    .port_info 4 /OUTPUT 1 "P";
    .port_info 5 /OUTPUT 1 "temp_ans";
L_0000021ce876ee90 .functor OR 1, L_0000021ce8767140, L_0000021ce8766a60, C4<0>, C4<0>;
L_0000021ce876fe50 .functor AND 1, L_0000021ce8767140, L_0000021ce8766a60, C4<1>, C4<1>;
L_0000021ce8770080 .functor XOR 1, L_0000021ce8767140, L_0000021ce8766a60, C4<0>, C4<0>;
L_0000021ce87708d0 .functor XOR 1, L_0000021ce8770080, L_0000021ce8766560, C4<0>, C4<0>;
v0000021ce87032c0_0 .net "G", 0 0, L_0000021ce876fe50;  1 drivers
v0000021ce8702a00_0 .net "P", 0 0, L_0000021ce876ee90;  1 drivers
v0000021ce87034a0_0 .net *"_ivl_4", 0 0, L_0000021ce8770080;  1 drivers
v0000021ce8703900_0 .net "a", 0 0, L_0000021ce8767140;  1 drivers
v0000021ce8702b40_0 .net "b", 0 0, L_0000021ce8766a60;  1 drivers
v0000021ce8702280_0 .net "carry_in", 0 0, L_0000021ce8766560;  1 drivers
v0000021ce87023c0_0 .net "temp_ans", 0 0, L_0000021ce87708d0;  1 drivers
S_0000021ce8704e30 .scope module, "a4" "Adder" 2 86, 2 38 0, S_0000021ce8703e40;
 .timescale 0 0;
    .port_info 0 /INPUT 1 "a";
    .port_info 1 /INPUT 1 "b";
    .port_info 2 /INPUT 1 "carry_in";
    .port_info 3 /OUTPUT 1 "G";
    .port_info 4 /OUTPUT 1 "P";
    .port_info 5 /OUTPUT 1 "temp_ans";
L_0000021ce876fbb0 .functor OR 1, L_0000021ce8767d20, L_0000021ce8767280, C4<0>, C4<0>;
L_0000021ce876f280 .functor AND 1, L_0000021ce8767d20, L_0000021ce8767280, C4<1>, C4<1>;
L_0000021ce876f9f0 .functor XOR 1, L_0000021ce8767d20, L_0000021ce8767280, C4<0>, C4<0>;
L_0000021ce876fa60 .functor XOR 1, L_0000021ce876f9f0, L_0000021ce8765fc0, C4<0>, C4<0>;
v0000021ce87037c0_0 .net "G", 0 0, L_0000021ce876f280;  1 drivers
v0000021ce8702460_0 .net "P", 0 0, L_0000021ce876fbb0;  1 drivers
v0000021ce87026e0_0 .net *"_ivl_4", 0 0, L_0000021ce876f9f0;  1 drivers
v0000021ce8703360_0 .net "a", 0 0, L_0000021ce8767d20;  1 drivers
v0000021ce8703400_0 .net "b", 0 0, L_0000021ce8767280;  1 drivers
v0000021ce8703860_0 .net "carry_in", 0 0, L_0000021ce8765fc0;  1 drivers
v0000021ce8702c80_0 .net "temp_ans", 0 0, L_0000021ce876fa60;  1 drivers
S_0000021ce8704fc0 .scope module, "cla" "CLA4" 2 94, 2 104 0, S_0000021ce8703e40;
 .timescale 0 0;
    .port_info 0 /INPUT 4 "P";
    .port_info 1 /INPUT 4 "G";
    .port_info 2 /INPUT 1 "carry_in";
    .port_info 3 /OUTPUT 4 "c";
    .port_info 4 /OUTPUT 1 "P4";
    .port_info 5 /OUTPUT 1 "G4";
L_0000021ce876f590 .functor AND 1, L_0000021ce8766ba0, L_0000021ce8768b80, C4<1>, C4<1>;
L_0000021ce876f2f0 .functor OR 1, L_0000021ce8765c00, L_0000021ce876f590, C4<0>, C4<0>;
L_0000021ce876f360 .functor AND 1, L_0000021ce8766d80, L_0000021ce8766e20, C4<1>, C4<1>;
L_0000021ce8770550 .functor OR 1, L_0000021ce8766c40, L_0000021ce876f360, C4<0>, C4<0>;
L_0000021ce876fc20 .functor AND 1, L_0000021ce8767fa0, L_0000021ce8767320, C4<1>, C4<1>;
L_0000021ce8770710 .functor AND 1, L_0000021ce876fc20, L_0000021ce8768b80, C4<1>, C4<1>;
L_0000021ce8770240 .functor OR 1, L_0000021ce8770550, L_0000021ce8770710, C4<0>, C4<0>;
L_0000021ce8770940 .functor AND 1, L_0000021ce8765ca0, L_0000021ce87675a0, C4<1>, C4<1>;
L_0000021ce876f6e0 .functor OR 1, L_0000021ce8766ec0, L_0000021ce8770940, C4<0>, C4<0>;
L_0000021ce876fad0 .functor AND 1, L_0000021ce8767be0, L_0000021ce8767a00, C4<1>, C4<1>;
L_0000021ce876f440 .functor AND 1, L_0000021ce876fad0, L_0000021ce8767dc0, C4<1>, C4<1>;
L_0000021ce876f750 .functor OR 1, L_0000021ce876f6e0, L_0000021ce876f440, C4<0>, C4<0>;
L_0000021ce876fec0 .functor AND 1, L_0000021ce8765d40, L_0000021ce8768d60, C4<1>, C4<1>;
L_0000021ce876fc90 .functor AND 1, L_0000021ce876fec0, L_0000021ce8769260, C4<1>, C4<1>;
L_0000021ce876efe0 .functor AND 1, L_0000021ce876fc90, L_0000021ce8768b80, C4<1>, C4<1>;
L_0000021ce8770630 .functor OR 1, L_0000021ce876f750, L_0000021ce876efe0, C4<0>, C4<0>;
L_0000021ce876f8a0 .functor AND 1, L_0000021ce8769300, L_0000021ce87699e0, C4<1>, C4<1>;
L_0000021ce876f050 .functor OR 1, L_0000021ce876a2a0, L_0000021ce876f8a0, C4<0>, C4<0>;
L_0000021ce8770400 .functor AND 1, L_0000021ce8768e00, L_0000021ce87691c0, C4<1>, C4<1>;
L_0000021ce876f830 .functor AND 1, L_0000021ce8770400, L_0000021ce8769e40, C4<1>, C4<1>;
L_0000021ce87709b0 .functor OR 1, L_0000021ce876f050, L_0000021ce876f830, C4<0>, C4<0>;
L_0000021ce876ee20 .functor AND 1, L_0000021ce876aac0, L_0000021ce87687c0, C4<1>, C4<1>;
L_0000021ce876fd00 .functor AND 1, L_0000021ce876ee20, L_0000021ce876a8e0, C4<1>, C4<1>;
L_0000021ce876ff30 .functor AND 1, L_0000021ce876fd00, L_0000021ce8768c20, C4<1>, C4<1>;
L_0000021ce8770320 .functor OR 1, L_0000021ce87709b0, L_0000021ce876ff30, C4<0>, C4<0>;
L_0000021ce876f210 .functor AND 1, L_0000021ce8769f80, L_0000021ce876a480, C4<1>, C4<1>;
L_0000021ce8770390 .functor AND 1, L_0000021ce876f210, L_0000021ce8768900, C4<1>, C4<1>;
L_0000021ce876f520 .functor AND 1, L_0000021ce8770390, L_0000021ce8769ee0, C4<1>, C4<1>;
L_0000021ce8770470 .functor AND 1, L_0000021ce876f520, L_0000021ce8768b80, C4<1>, C4<1>;
L_0000021ce87705c0 .functor OR 1, L_0000021ce8770320, L_0000021ce8770470, C4<0>, C4<0>;
L_0000021ce876ef00 .functor AND 1, L_0000021ce87693a0, L_0000021ce876ab60, C4<1>, C4<1>;
L_0000021ce876ef70 .functor OR 1, L_0000021ce8769940, L_0000021ce876ef00, C4<0>, C4<0>;
L_0000021ce8770b70 .functor AND 1, L_0000021ce876a5c0, L_0000021ce8769760, C4<1>, C4<1>;
L_0000021ce8770a90 .functor AND 1, L_0000021ce8770b70, L_0000021ce8768ea0, C4<1>, C4<1>;
L_0000021ce8770cc0 .functor OR 1, L_0000021ce876ef70, L_0000021ce8770a90, C4<0>, C4<0>;
L_0000021ce8770be0 .functor AND 1, L_0000021ce876a520, L_0000021ce8769440, C4<1>, C4<1>;
L_0000021ce8770c50 .functor AND 1, L_0000021ce8770be0, L_0000021ce87689a0, C4<1>, C4<1>;
L_0000021ce8770d30 .functor AND 1, L_0000021ce8770c50, L_0000021ce8768a40, C4<1>, C4<1>;
L_0000021ce8770a20 .functor OR 1, L_0000021ce8770cc0, L_0000021ce8770d30, C4<0>, C4<0>;
L_0000021ce8770b00 .functor AND 1, L_0000021ce8768ae0, L_0000021ce876a7a0, C4<1>, C4<1>;
L_0000021ce8778bf0 .functor AND 1, L_0000021ce8770b00, L_0000021ce8768f40, C4<1>, C4<1>;
L_0000021ce8778090 .functor AND 1, L_0000021ce8778bf0, L_0000021ce876a700, C4<1>, C4<1>;
v0000021ce87035e0_0 .net "G", 3 0, L_0000021ce87669c0;  alias, 1 drivers
v0000021ce8702500_0 .net "G4", 0 0, L_0000021ce8770a20;  alias, 1 drivers
v0000021ce87025a0_0 .net "P", 3 0, L_0000021ce87678c0;  alias, 1 drivers
v0000021ce8702d20_0 .net "P4", 0 0, L_0000021ce8778090;  alias, 1 drivers
v0000021ce8702dc0_0 .net *"_ivl_102", 0 0, L_0000021ce876a8e0;  1 drivers
v0000021ce87028c0_0 .net *"_ivl_103", 0 0, L_0000021ce876fd00;  1 drivers
v0000021ce8702640_0 .net *"_ivl_106", 0 0, L_0000021ce8768c20;  1 drivers
v0000021ce8702fa0_0 .net *"_ivl_107", 0 0, L_0000021ce876ff30;  1 drivers
v0000021ce8703040_0 .net *"_ivl_109", 0 0, L_0000021ce8770320;  1 drivers
v0000021ce87030e0_0 .net *"_ivl_112", 0 0, L_0000021ce8769f80;  1 drivers
v0000021ce8703180_0 .net *"_ivl_114", 0 0, L_0000021ce876a480;  1 drivers
v0000021ce8709eb0_0 .net *"_ivl_115", 0 0, L_0000021ce876f210;  1 drivers
v0000021ce8709910_0 .net *"_ivl_118", 0 0, L_0000021ce8768900;  1 drivers
v0000021ce87080b0_0 .net *"_ivl_119", 0 0, L_0000021ce8770390;  1 drivers
v0000021ce870a130_0 .net *"_ivl_122", 0 0, L_0000021ce8769ee0;  1 drivers
v0000021ce8709e10_0 .net *"_ivl_123", 0 0, L_0000021ce876f520;  1 drivers
v0000021ce8709f50_0 .net *"_ivl_125", 0 0, L_0000021ce8770470;  1 drivers
v0000021ce8708a10_0 .net *"_ivl_127", 0 0, L_0000021ce87705c0;  1 drivers
v0000021ce8709cd0_0 .net *"_ivl_13", 0 0, L_0000021ce8766c40;  1 drivers
v0000021ce8709d70_0 .net *"_ivl_130", 0 0, L_0000021ce8769940;  1 drivers
v0000021ce8708010_0 .net *"_ivl_132", 0 0, L_0000021ce87693a0;  1 drivers
v0000021ce87088d0_0 .net *"_ivl_134", 0 0, L_0000021ce876ab60;  1 drivers
v0000021ce8708650_0 .net *"_ivl_135", 0 0, L_0000021ce876ef00;  1 drivers
v0000021ce8708fb0_0 .net *"_ivl_137", 0 0, L_0000021ce876ef70;  1 drivers
v0000021ce87081f0_0 .net *"_ivl_140", 0 0, L_0000021ce876a5c0;  1 drivers
v0000021ce8709b90_0 .net *"_ivl_142", 0 0, L_0000021ce8769760;  1 drivers
v0000021ce8708470_0 .net *"_ivl_143", 0 0, L_0000021ce8770b70;  1 drivers
v0000021ce87099b0_0 .net *"_ivl_146", 0 0, L_0000021ce8768ea0;  1 drivers
v0000021ce8709190_0 .net *"_ivl_147", 0 0, L_0000021ce8770a90;  1 drivers
v0000021ce8709c30_0 .net *"_ivl_149", 0 0, L_0000021ce8770cc0;  1 drivers
v0000021ce8708c90_0 .net *"_ivl_15", 0 0, L_0000021ce8766d80;  1 drivers
v0000021ce8708f10_0 .net *"_ivl_152", 0 0, L_0000021ce876a520;  1 drivers
v0000021ce8709690_0 .net *"_ivl_154", 0 0, L_0000021ce8769440;  1 drivers
v0000021ce87092d0_0 .net *"_ivl_155", 0 0, L_0000021ce8770be0;  1 drivers
v0000021ce8707b10_0 .net *"_ivl_158", 0 0, L_0000021ce87689a0;  1 drivers
v0000021ce87086f0_0 .net *"_ivl_159", 0 0, L_0000021ce8770c50;  1 drivers
v0000021ce8709ff0_0 .net *"_ivl_162", 0 0, L_0000021ce8768a40;  1 drivers
v0000021ce8708970_0 .net *"_ivl_163", 0 0, L_0000021ce8770d30;  1 drivers
v0000021ce870a090_0 .net *"_ivl_168", 0 0, L_0000021ce8768ae0;  1 drivers
v0000021ce8708dd0_0 .net *"_ivl_17", 0 0, L_0000021ce8766e20;  1 drivers
v0000021ce8708510_0 .net *"_ivl_170", 0 0, L_0000021ce876a7a0;  1 drivers
v0000021ce8707c50_0 .net *"_ivl_171", 0 0, L_0000021ce8770b00;  1 drivers
v0000021ce8709a50_0 .net *"_ivl_174", 0 0, L_0000021ce8768f40;  1 drivers
v0000021ce87079d0_0 .net *"_ivl_175", 0 0, L_0000021ce8778bf0;  1 drivers
v0000021ce8709af0_0 .net *"_ivl_178", 0 0, L_0000021ce876a700;  1 drivers
v0000021ce8708150_0 .net *"_ivl_18", 0 0, L_0000021ce876f360;  1 drivers
v0000021ce8707a70_0 .net *"_ivl_20", 0 0, L_0000021ce8770550;  1 drivers
v0000021ce8707bb0_0 .net *"_ivl_23", 0 0, L_0000021ce8767fa0;  1 drivers
v0000021ce8707cf0_0 .net *"_ivl_25", 0 0, L_0000021ce8767320;  1 drivers
v0000021ce8708ab0_0 .net *"_ivl_26", 0 0, L_0000021ce876fc20;  1 drivers
v0000021ce8707d90_0 .net *"_ivl_28", 0 0, L_0000021ce8770710;  1 drivers
v0000021ce8708790_0 .net *"_ivl_3", 0 0, L_0000021ce8765c00;  1 drivers
v0000021ce87095f0_0 .net *"_ivl_30", 0 0, L_0000021ce8770240;  1 drivers
v0000021ce87085b0_0 .net *"_ivl_35", 0 0, L_0000021ce8766ec0;  1 drivers
v0000021ce8707e30_0 .net *"_ivl_37", 0 0, L_0000021ce8765ca0;  1 drivers
v0000021ce8707ed0_0 .net *"_ivl_39", 0 0, L_0000021ce87675a0;  1 drivers
v0000021ce8708830_0 .net *"_ivl_40", 0 0, L_0000021ce8770940;  1 drivers
v0000021ce8707f70_0 .net *"_ivl_42", 0 0, L_0000021ce876f6e0;  1 drivers
v0000021ce8708b50_0 .net *"_ivl_45", 0 0, L_0000021ce8767be0;  1 drivers
v0000021ce8708290_0 .net *"_ivl_47", 0 0, L_0000021ce8767a00;  1 drivers
v0000021ce8708330_0 .net *"_ivl_48", 0 0, L_0000021ce876fad0;  1 drivers
v0000021ce8709050_0 .net *"_ivl_5", 0 0, L_0000021ce8766ba0;  1 drivers
v0000021ce8709230_0 .net *"_ivl_51", 0 0, L_0000021ce8767dc0;  1 drivers
v0000021ce8709870_0 .net *"_ivl_52", 0 0, L_0000021ce876f440;  1 drivers
v0000021ce87090f0_0 .net *"_ivl_54", 0 0, L_0000021ce876f750;  1 drivers
v0000021ce8708bf0_0 .net *"_ivl_57", 0 0, L_0000021ce8765d40;  1 drivers
v0000021ce87083d0_0 .net *"_ivl_59", 0 0, L_0000021ce8768d60;  1 drivers
v0000021ce8708d30_0 .net *"_ivl_6", 0 0, L_0000021ce876f590;  1 drivers
v0000021ce8708e70_0 .net *"_ivl_60", 0 0, L_0000021ce876fec0;  1 drivers
v0000021ce8709370_0 .net *"_ivl_63", 0 0, L_0000021ce8769260;  1 drivers
v0000021ce8709410_0 .net *"_ivl_64", 0 0, L_0000021ce876fc90;  1 drivers
v0000021ce87094b0_0 .net *"_ivl_66", 0 0, L_0000021ce876efe0;  1 drivers
v0000021ce8709550_0 .net *"_ivl_68", 0 0, L_0000021ce8770630;  1 drivers
v0000021ce8709730_0 .net *"_ivl_74", 0 0, L_0000021ce876a2a0;  1 drivers
v0000021ce87097d0_0 .net *"_ivl_76", 0 0, L_0000021ce8769300;  1 drivers
v0000021ce870b990_0 .net *"_ivl_78", 0 0, L_0000021ce87699e0;  1 drivers
v0000021ce870a770_0 .net *"_ivl_79", 0 0, L_0000021ce876f8a0;  1 drivers
v0000021ce870c570_0 .net *"_ivl_8", 0 0, L_0000021ce876f2f0;  1 drivers
v0000021ce870c930_0 .net *"_ivl_81", 0 0, L_0000021ce876f050;  1 drivers
v0000021ce870bd50_0 .net *"_ivl_84", 0 0, L_0000021ce8768e00;  1 drivers
v0000021ce870c4d0_0 .net *"_ivl_86", 0 0, L_0000021ce87691c0;  1 drivers
v0000021ce870af90_0 .net *"_ivl_87", 0 0, L_0000021ce8770400;  1 drivers
v0000021ce870aef0_0 .net *"_ivl_90", 0 0, L_0000021ce8769e40;  1 drivers
v0000021ce870b530_0 .net *"_ivl_91", 0 0, L_0000021ce876f830;  1 drivers
v0000021ce870bf30_0 .net *"_ivl_93", 0 0, L_0000021ce87709b0;  1 drivers
v0000021ce870b210_0 .net *"_ivl_96", 0 0, L_0000021ce876aac0;  1 drivers
v0000021ce870ab30_0 .net *"_ivl_98", 0 0, L_0000021ce87687c0;  1 drivers
v0000021ce870c2f0_0 .net *"_ivl_99", 0 0, L_0000021ce876ee20;  1 drivers
v0000021ce870b030_0 .net "c", 4 1, L_0000021ce87698a0;  alias, 1 drivers
v0000021ce870ae50_0 .net "carry_in", 0 0, L_0000021ce8768b80;  alias, 1 drivers
L_0000021ce8765c00 .part L_0000021ce87669c0, 0, 1;
L_0000021ce8766ba0 .part L_0000021ce87678c0, 0, 1;
L_0000021ce8766c40 .part L_0000021ce87669c0, 1, 1;
L_0000021ce8766d80 .part L_0000021ce87678c0, 1, 1;
L_0000021ce8766e20 .part L_0000021ce87669c0, 0, 1;
L_0000021ce8767fa0 .part L_0000021ce87678c0, 1, 1;
L_0000021ce8767320 .part L_0000021ce87678c0, 0, 1;
L_0000021ce8766ec0 .part L_0000021ce87669c0, 2, 1;
L_0000021ce8765ca0 .part L_0000021ce87678c0, 2, 1;
L_0000021ce87675a0 .part L_0000021ce87669c0, 1, 1;
L_0000021ce8767be0 .part L_0000021ce87678c0, 2, 1;
L_0000021ce8767a00 .part L_0000021ce87678c0, 1, 1;
L_0000021ce8767dc0 .part L_0000021ce87669c0, 0, 1;
L_0000021ce8765d40 .part L_0000021ce87678c0, 2, 1;
L_0000021ce8768d60 .part L_0000021ce87678c0, 1, 1;
L_0000021ce8769260 .part L_0000021ce87678c0, 0, 1;
L_0000021ce87698a0 .concat8 [ 1 1 1 1], L_0000021ce876f2f0, L_0000021ce8770240, L_0000021ce8770630, L_0000021ce87705c0;
L_0000021ce876a2a0 .part L_0000021ce87669c0, 3, 1;
L_0000021ce8769300 .part L_0000021ce87678c0, 3, 1;
L_0000021ce87699e0 .part L_0000021ce87669c0, 2, 1;
L_0000021ce8768e00 .part L_0000021ce87678c0, 3, 1;
L_0000021ce87691c0 .part L_0000021ce87678c0, 2, 1;
L_0000021ce8769e40 .part L_0000021ce87669c0, 1, 1;
L_0000021ce876aac0 .part L_0000021ce87678c0, 3, 1;
L_0000021ce87687c0 .part L_0000021ce87678c0, 2, 1;
L_0000021ce876a8e0 .part L_0000021ce87678c0, 1, 1;
L_0000021ce8768c20 .part L_0000021ce87669c0, 0, 1;
L_0000021ce8769f80 .part L_0000021ce87678c0, 3, 1;
L_0000021ce876a480 .part L_0000021ce87678c0, 2, 1;
L_0000021ce8768900 .part L_0000021ce87678c0, 1, 1;
L_0000021ce8769ee0 .part L_0000021ce87678c0, 0, 1;
L_0000021ce8769940 .part L_0000021ce87669c0, 3, 1;
L_0000021ce87693a0 .part L_0000021ce87678c0, 3, 1;
L_0000021ce876ab60 .part L_0000021ce87669c0, 2, 1;
L_0000021ce876a5c0 .part L_0000021ce87678c0, 3, 1;
L_0000021ce8769760 .part L_0000021ce87678c0, 2, 1;
L_0000021ce8768ea0 .part L_0000021ce87669c0, 1, 1;
L_0000021ce876a520 .part L_0000021ce87678c0, 3, 1;
L_0000021ce8769440 .part L_0000021ce87678c0, 2, 1;
L_0000021ce87689a0 .part L_0000021ce87678c0, 1, 1;
L_0000021ce8768a40 .part L_0000021ce87669c0, 0, 1;
L_0000021ce8768ae0 .part L_0000021ce87678c0, 3, 1;
L_0000021ce876a7a0 .part L_0000021ce87678c0, 2, 1;
L_0000021ce8768f40 .part L_0000021ce87678c0, 1, 1;
L_0000021ce876a700 .part L_0000021ce87678c0, 0, 1;
S_0000021ce8704340 .scope module, "a4" "Add4" 2 155, 2 51 0, S_0000021ce829da00;
 .timescale 0 0;
    .port_info 0 /INPUT 4 "a";
    .port_info 1 /INPUT 4 "b";
    .port_info 2 /INPUT 1 "carry_in";
    .port_info 3 /OUTPUT 4 "ans";
    .port_info 4 /OUTPUT 1 "p_out";
    .port_info 5 /OUTPUT 1 "g_out";
v0000021ce8711ef0_0 .net "G", 3 0, L_0000021ce8769c60;  1 drivers
v0000021ce87111d0_0 .net "P", 3 0, L_0000021ce876a020;  1 drivers
v0000021ce8711270_0 .net "a", 3 0, L_0000021ce876c320;  1 drivers
v0000021ce8711e50_0 .net "ans", 3 0, L_0000021ce87696c0;  1 drivers
v0000021ce87107d0_0 .net "b", 3 0, L_0000021ce876cb40;  1 drivers
v0000021ce8711310_0 .net "c", 4 1, L_0000021ce876c6e0;  1 drivers
v0000021ce87105f0_0 .net "carry_in", 0 0, L_0000021ce876bb00;  1 drivers
v0000021ce8711770_0 .net "g_out", 0 0, L_0000021ce8778f70;  1 drivers
v0000021ce8712ad0_0 .net "p_out", 0 0, L_0000021ce8778f00;  1 drivers
L_0000021ce8769a80 .part L_0000021ce876c320, 0, 1;
L_0000021ce876aa20 .part L_0000021ce876cb40, 0, 1;
L_0000021ce87685e0 .part L_0000021ce876c320, 1, 1;
L_0000021ce8769800 .part L_0000021ce876cb40, 1, 1;
L_0000021ce8769b20 .part L_0000021ce876c6e0, 0, 1;
L_0000021ce8768cc0 .part L_0000021ce876c320, 2, 1;
L_0000021ce8768fe0 .part L_0000021ce876cb40, 2, 1;
L_0000021ce87694e0 .part L_0000021ce876c6e0, 1, 1;
L_0000021ce8769080 .part L_0000021ce876c320, 3, 1;
L_0000021ce8768680 .part L_0000021ce876cb40, 3, 1;
L_0000021ce8769bc0 .part L_0000021ce876c6e0, 2, 1;
L_0000021ce8769c60 .concat8 [ 1 1 1 1], L_0000021ce8777bc0, L_0000021ce8778a30, L_0000021ce8777d80, L_0000021ce8778720;
L_0000021ce876a020 .concat8 [ 1 1 1 1], L_0000021ce8778c60, L_0000021ce87792f0, L_0000021ce8778b10, L_0000021ce8778640;
L_0000021ce87696c0 .concat8 [ 1 1 1 1], L_0000021ce87782c0, L_0000021ce8778170, L_0000021ce87790c0, L_0000021ce87783a0;
S_0000021ce8704b10 .scope module, "a1" "Adder" 2 62, 2 38 0, S_0000021ce8704340;
 .timescale 0 0;
    .port_info 0 /INPUT 1 "a";
    .port_info 1 /INPUT 1 "b";
    .port_info 2 /INPUT 1 "carry_in";
    .port_info 3 /OUTPUT 1 "G";
    .port_info 4 /OUTPUT 1 "P";
    .port_info 5 /OUTPUT 1 "temp_ans";
L_0000021ce8778c60 .functor OR 1, L_0000021ce8769a80, L_0000021ce876aa20, C4<0>, C4<0>;
L_0000021ce8777bc0 .functor AND 1, L_0000021ce8769a80, L_0000021ce876aa20, C4<1>, C4<1>;
L_0000021ce8777fb0 .functor XOR 1, L_0000021ce8769a80, L_0000021ce876aa20, C4<0>, C4<0>;
L_0000021ce87782c0 .functor XOR 1, L_0000021ce8777fb0, L_0000021ce876bb00, C4<0>, C4<0>;
v0000021ce870c6b0_0 .net "G", 0 0, L_0000021ce8777bc0;  1 drivers
v0000021ce870b2b0_0 .net "P", 0 0, L_0000021ce8778c60;  1 drivers
v0000021ce870c7f0_0 .net *"_ivl_4", 0 0, L_0000021ce8777fb0;  1 drivers
v0000021ce870b3f0_0 .net "a", 0 0, L_0000021ce8769a80;  1 drivers
v0000021ce870bdf0_0 .net "b", 0 0, L_0000021ce876aa20;  1 drivers
v0000021ce870ad10_0 .net "carry_in", 0 0, L_0000021ce876bb00;  alias, 1 drivers
v0000021ce870c890_0 .net "temp_ans", 0 0, L_0000021ce87782c0;  1 drivers
S_0000021ce87041b0 .scope module, "a2" "Adder" 2 70, 2 38 0, S_0000021ce8704340;
 .timescale 0 0;
    .port_info 0 /INPUT 1 "a";
    .port_info 1 /INPUT 1 "b";
    .port_info 2 /INPUT 1 "carry_in";
    .port_info 3 /OUTPUT 1 "G";
    .port_info 4 /OUTPUT 1 "P";
    .port_info 5 /OUTPUT 1 "temp_ans";
L_0000021ce87792f0 .functor OR 1, L_0000021ce87685e0, L_0000021ce8769800, C4<0>, C4<0>;
L_0000021ce8778a30 .functor AND 1, L_0000021ce87685e0, L_0000021ce8769800, C4<1>, C4<1>;
L_0000021ce8778cd0 .functor XOR 1, L_0000021ce87685e0, L_0000021ce8769800, C4<0>, C4<0>;
L_0000021ce8778170 .functor XOR 1, L_0000021ce8778cd0, L_0000021ce8769b20, C4<0>, C4<0>;
v0000021ce870c430_0 .net "G", 0 0, L_0000021ce8778a30;  1 drivers
v0000021ce870a3b0_0 .net "P", 0 0, L_0000021ce87792f0;  1 drivers
v0000021ce870b170_0 .net *"_ivl_4", 0 0, L_0000021ce8778cd0;  1 drivers
v0000021ce870a270_0 .net "a", 0 0, L_0000021ce87685e0;  1 drivers
v0000021ce870a9f0_0 .net "b", 0 0, L_0000021ce8769800;  1 drivers
v0000021ce870b350_0 .net "carry_in", 0 0, L_0000021ce8769b20;  1 drivers
v0000021ce870b710_0 .net "temp_ans", 0 0, L_0000021ce8778170;  1 drivers
S_0000021ce87044d0 .scope module, "a3" "Adder" 2 78, 2 38 0, S_0000021ce8704340;
 .timescale 0 0;
    .port_info 0 /INPUT 1 "a";
    .port_info 1 /INPUT 1 "b";
    .port_info 2 /INPUT 1 "carry_in";
    .port_info 3 /OUTPUT 1 "G";
    .port_info 4 /OUTPUT 1 "P";
    .port_info 5 /OUTPUT 1 "temp_ans";
L_0000021ce8778b10 .functor OR 1, L_0000021ce8768cc0, L_0000021ce8768fe0, C4<0>, C4<0>;
L_0000021ce8777d80 .functor AND 1, L_0000021ce8768cc0, L_0000021ce8768fe0, C4<1>, C4<1>;
L_0000021ce8778800 .functor XOR 1, L_0000021ce8768cc0, L_0000021ce8768fe0, C4<0>, C4<0>;
L_0000021ce87790c0 .functor XOR 1, L_0000021ce8778800, L_0000021ce87694e0, C4<0>, C4<0>;
v0000021ce870a450_0 .net "G", 0 0, L_0000021ce8777d80;  1 drivers
v0000021ce870b490_0 .net "P", 0 0, L_0000021ce8778b10;  1 drivers
v0000021ce870b7b0_0 .net *"_ivl_4", 0 0, L_0000021ce8778800;  1 drivers
v0000021ce870bb70_0 .net "a", 0 0, L_0000021ce8768cc0;  1 drivers
v0000021ce870adb0_0 .net "b", 0 0, L_0000021ce8768fe0;  1 drivers
v0000021ce870b670_0 .net "carry_in", 0 0, L_0000021ce87694e0;  1 drivers
v0000021ce870a4f0_0 .net "temp_ans", 0 0, L_0000021ce87790c0;  1 drivers
S_0000021ce8704ca0 .scope module, "a4" "Adder" 2 86, 2 38 0, S_0000021ce8704340;
 .timescale 0 0;
    .port_info 0 /INPUT 1 "a";
    .port_info 1 /INPUT 1 "b";
    .port_info 2 /INPUT 1 "carry_in";
    .port_info 3 /OUTPUT 1 "G";
    .port_info 4 /OUTPUT 1 "P";
    .port_info 5 /OUTPUT 1 "temp_ans";
L_0000021ce8778640 .functor OR 1, L_0000021ce8769080, L_0000021ce8768680, C4<0>, C4<0>;
L_0000021ce8778720 .functor AND 1, L_0000021ce8769080, L_0000021ce8768680, C4<1>, C4<1>;
L_0000021ce87784f0 .functor XOR 1, L_0000021ce8769080, L_0000021ce8768680, C4<0>, C4<0>;
L_0000021ce87783a0 .functor XOR 1, L_0000021ce87784f0, L_0000021ce8769bc0, C4<0>, C4<0>;
v0000021ce870c110_0 .net "G", 0 0, L_0000021ce8778720;  1 drivers
v0000021ce870b850_0 .net "P", 0 0, L_0000021ce8778640;  1 drivers
v0000021ce870abd0_0 .net *"_ivl_4", 0 0, L_0000021ce87784f0;  1 drivers
v0000021ce870b8f0_0 .net "a", 0 0, L_0000021ce8769080;  1 drivers
v0000021ce870c250_0 .net "b", 0 0, L_0000021ce8768680;  1 drivers
v0000021ce870ba30_0 .net "carry_in", 0 0, L_0000021ce8769bc0;  1 drivers
v0000021ce870a590_0 .net "temp_ans", 0 0, L_0000021ce87783a0;  1 drivers
S_0000021ce87047f0 .scope module, "cla" "CLA4" 2 94, 2 104 0, S_0000021ce8704340;
 .timescale 0 0;
    .port_info 0 /INPUT 4 "P";
    .port_info 1 /INPUT 4 "G";
    .port_info 2 /INPUT 1 "carry_in";
    .port_info 3 /OUTPUT 4 "c";
    .port_info 4 /OUTPUT 1 "P4";
    .port_info 5 /OUTPUT 1 "G4";
L_0000021ce8777ca0 .functor AND 1, L_0000021ce8769d00, L_0000021ce876bb00, C4<1>, C4<1>;
L_0000021ce8778b80 .functor OR 1, L_0000021ce8769580, L_0000021ce8777ca0, C4<0>, C4<0>;
L_0000021ce8778870 .functor AND 1, L_0000021ce8768720, L_0000021ce8769620, C4<1>, C4<1>;
L_0000021ce8778020 .functor OR 1, L_0000021ce8769120, L_0000021ce8778870, C4<0>, C4<0>;
L_0000021ce8779130 .functor AND 1, L_0000021ce8769da0, L_0000021ce876a0c0, C4<1>, C4<1>;
L_0000021ce8779280 .functor AND 1, L_0000021ce8779130, L_0000021ce876bb00, C4<1>, C4<1>;
L_0000021ce8779210 .functor OR 1, L_0000021ce8778020, L_0000021ce8779280, C4<0>, C4<0>;
L_0000021ce87793d0 .functor AND 1, L_0000021ce876a200, L_0000021ce876a340, C4<1>, C4<1>;
L_0000021ce87791a0 .functor OR 1, L_0000021ce876a160, L_0000021ce87793d0, C4<0>, C4<0>;
L_0000021ce8778410 .functor AND 1, L_0000021ce876a980, L_0000021ce876a3e0, C4<1>, C4<1>;
L_0000021ce8778d40 .functor AND 1, L_0000021ce8778410, L_0000021ce876a660, C4<1>, C4<1>;
L_0000021ce87794b0 .functor OR 1, L_0000021ce87791a0, L_0000021ce8778d40, C4<0>, C4<0>;
L_0000021ce8778560 .functor AND 1, L_0000021ce876a840, L_0000021ce8768400, C4<1>, C4<1>;
L_0000021ce8779440 .functor AND 1, L_0000021ce8778560, L_0000021ce8768540, C4<1>, C4<1>;
L_0000021ce8778480 .functor AND 1, L_0000021ce8779440, L_0000021ce876bb00, C4<1>, C4<1>;
L_0000021ce8777df0 .functor OR 1, L_0000021ce87794b0, L_0000021ce8778480, C4<0>, C4<0>;
L_0000021ce8778fe0 .functor AND 1, L_0000021ce876b880, L_0000021ce876bce0, C4<1>, C4<1>;
L_0000021ce8779360 .functor OR 1, L_0000021ce876c3c0, L_0000021ce8778fe0, C4<0>, C4<0>;
L_0000021ce8778aa0 .functor AND 1, L_0000021ce876aca0, L_0000021ce876b9c0, C4<1>, C4<1>;
L_0000021ce87785d0 .functor AND 1, L_0000021ce8778aa0, L_0000021ce876cdc0, C4<1>, C4<1>;
L_0000021ce8778100 .functor OR 1, L_0000021ce8779360, L_0000021ce87785d0, C4<0>, C4<0>;
L_0000021ce8777f40 .functor AND 1, L_0000021ce876ae80, L_0000021ce876c8c0, C4<1>, C4<1>;
L_0000021ce87781e0 .functor AND 1, L_0000021ce8777f40, L_0000021ce876c280, C4<1>, C4<1>;
L_0000021ce8778330 .functor AND 1, L_0000021ce87781e0, L_0000021ce876cc80, C4<1>, C4<1>;
L_0000021ce87786b0 .functor OR 1, L_0000021ce8778100, L_0000021ce8778330, C4<0>, C4<0>;
L_0000021ce8778790 .functor AND 1, L_0000021ce876b7e0, L_0000021ce876c000, C4<1>, C4<1>;
L_0000021ce8777b50 .functor AND 1, L_0000021ce8778790, L_0000021ce876afc0, C4<1>, C4<1>;
L_0000021ce87788e0 .functor AND 1, L_0000021ce8777b50, L_0000021ce876bf60, C4<1>, C4<1>;
L_0000021ce8779520 .functor AND 1, L_0000021ce87788e0, L_0000021ce876bb00, C4<1>, C4<1>;
L_0000021ce8778e20 .functor OR 1, L_0000021ce87786b0, L_0000021ce8779520, C4<0>, C4<0>;
L_0000021ce8779590 .functor AND 1, L_0000021ce876c460, L_0000021ce876b1a0, C4<1>, C4<1>;
L_0000021ce8778250 .functor OR 1, L_0000021ce876ba60, L_0000021ce8779590, C4<0>, C4<0>;
L_0000021ce8778db0 .functor AND 1, L_0000021ce876c500, L_0000021ce876c960, C4<1>, C4<1>;
L_0000021ce8778950 .functor AND 1, L_0000021ce8778db0, L_0000021ce876cbe0, C4<1>, C4<1>;
L_0000021ce8779600 .functor OR 1, L_0000021ce8778250, L_0000021ce8778950, C4<0>, C4<0>;
L_0000021ce8778e90 .functor AND 1, L_0000021ce876c5a0, L_0000021ce876ce60, C4<1>, C4<1>;
L_0000021ce8779670 .functor AND 1, L_0000021ce8778e90, L_0000021ce876b420, C4<1>, C4<1>;
L_0000021ce87796e0 .functor AND 1, L_0000021ce8779670, L_0000021ce876b560, C4<1>, C4<1>;
L_0000021ce8778f70 .functor OR 1, L_0000021ce8779600, L_0000021ce87796e0, C4<0>, C4<0>;
L_0000021ce87789c0 .functor AND 1, L_0000021ce876bd80, L_0000021ce876b4c0, C4<1>, C4<1>;
L_0000021ce8777c30 .functor AND 1, L_0000021ce87789c0, L_0000021ce876c640, C4<1>, C4<1>;
L_0000021ce8778f00 .functor AND 1, L_0000021ce8777c30, L_0000021ce876c0a0, C4<1>, C4<1>;
v0000021ce870bad0_0 .net "G", 3 0, L_0000021ce8769c60;  alias, 1 drivers
v0000021ce870a6d0_0 .net "G4", 0 0, L_0000021ce8778f70;  alias, 1 drivers
v0000021ce870bc10_0 .net "P", 3 0, L_0000021ce876a020;  alias, 1 drivers
v0000021ce870bcb0_0 .net "P4", 0 0, L_0000021ce8778f00;  alias, 1 drivers
v0000021ce870be90_0 .net *"_ivl_102", 0 0, L_0000021ce876c280;  1 drivers
v0000021ce870a950_0 .net *"_ivl_103", 0 0, L_0000021ce87781e0;  1 drivers
v0000021ce870bfd0_0 .net *"_ivl_106", 0 0, L_0000021ce876cc80;  1 drivers
v0000021ce870c070_0 .net *"_ivl_107", 0 0, L_0000021ce8778330;  1 drivers
v0000021ce870c1b0_0 .net *"_ivl_109", 0 0, L_0000021ce87786b0;  1 drivers
v0000021ce870aa90_0 .net *"_ivl_112", 0 0, L_0000021ce876b7e0;  1 drivers
v0000021ce870ac70_0 .net *"_ivl_114", 0 0, L_0000021ce876c000;  1 drivers
v0000021ce870c390_0 .net *"_ivl_115", 0 0, L_0000021ce8778790;  1 drivers
v0000021ce870ccf0_0 .net *"_ivl_118", 0 0, L_0000021ce876afc0;  1 drivers
v0000021ce870cb10_0 .net *"_ivl_119", 0 0, L_0000021ce8777b50;  1 drivers
v0000021ce870ce30_0 .net *"_ivl_122", 0 0, L_0000021ce876bf60;  1 drivers
v0000021ce870cbb0_0 .net *"_ivl_123", 0 0, L_0000021ce87788e0;  1 drivers
v0000021ce870c9d0_0 .net *"_ivl_125", 0 0, L_0000021ce8779520;  1 drivers
v0000021ce870ca70_0 .net *"_ivl_127", 0 0, L_0000021ce8778e20;  1 drivers
v0000021ce870cc50_0 .net *"_ivl_13", 0 0, L_0000021ce8769120;  1 drivers
v0000021ce870cd90_0 .net *"_ivl_130", 0 0, L_0000021ce876ba60;  1 drivers
v0000021ce870d0b0_0 .net *"_ivl_132", 0 0, L_0000021ce876c460;  1 drivers
v0000021ce870ced0_0 .net *"_ivl_134", 0 0, L_0000021ce876b1a0;  1 drivers
v0000021ce870cf70_0 .net *"_ivl_135", 0 0, L_0000021ce8779590;  1 drivers
v0000021ce870d010_0 .net *"_ivl_137", 0 0, L_0000021ce8778250;  1 drivers
v0000021ce87054f0_0 .net *"_ivl_140", 0 0, L_0000021ce876c500;  1 drivers
v0000021ce8705b30_0 .net *"_ivl_142", 0 0, L_0000021ce876c960;  1 drivers
v0000021ce8706990_0 .net *"_ivl_143", 0 0, L_0000021ce8778db0;  1 drivers
v0000021ce8705bd0_0 .net *"_ivl_146", 0 0, L_0000021ce876cbe0;  1 drivers
v0000021ce8706030_0 .net *"_ivl_147", 0 0, L_0000021ce8778950;  1 drivers
v0000021ce8706350_0 .net *"_ivl_149", 0 0, L_0000021ce8779600;  1 drivers
v0000021ce8705630_0 .net *"_ivl_15", 0 0, L_0000021ce8768720;  1 drivers
v0000021ce8705450_0 .net *"_ivl_152", 0 0, L_0000021ce876c5a0;  1 drivers
v0000021ce8706ad0_0 .net *"_ivl_154", 0 0, L_0000021ce876ce60;  1 drivers
v0000021ce8706530_0 .net *"_ivl_155", 0 0, L_0000021ce8778e90;  1 drivers
v0000021ce8705590_0 .net *"_ivl_158", 0 0, L_0000021ce876b420;  1 drivers
v0000021ce8705c70_0 .net *"_ivl_159", 0 0, L_0000021ce8779670;  1 drivers
v0000021ce8706a30_0 .net *"_ivl_162", 0 0, L_0000021ce876b560;  1 drivers
v0000021ce8707070_0 .net *"_ivl_163", 0 0, L_0000021ce87796e0;  1 drivers
v0000021ce87060d0_0 .net *"_ivl_168", 0 0, L_0000021ce876bd80;  1 drivers
v0000021ce87067b0_0 .net *"_ivl_17", 0 0, L_0000021ce8769620;  1 drivers
v0000021ce8707890_0 .net *"_ivl_170", 0 0, L_0000021ce876b4c0;  1 drivers
v0000021ce8707390_0 .net *"_ivl_171", 0 0, L_0000021ce87789c0;  1 drivers
v0000021ce8705d10_0 .net *"_ivl_174", 0 0, L_0000021ce876c640;  1 drivers
v0000021ce8707610_0 .net *"_ivl_175", 0 0, L_0000021ce8777c30;  1 drivers
v0000021ce8705db0_0 .net *"_ivl_178", 0 0, L_0000021ce876c0a0;  1 drivers
v0000021ce8706c10_0 .net *"_ivl_18", 0 0, L_0000021ce8778870;  1 drivers
v0000021ce87065d0_0 .net *"_ivl_20", 0 0, L_0000021ce8778020;  1 drivers
v0000021ce8706710_0 .net *"_ivl_23", 0 0, L_0000021ce8769da0;  1 drivers
v0000021ce8707250_0 .net *"_ivl_25", 0 0, L_0000021ce876a0c0;  1 drivers
v0000021ce87051d0_0 .net *"_ivl_26", 0 0, L_0000021ce8779130;  1 drivers
v0000021ce8705e50_0 .net *"_ivl_28", 0 0, L_0000021ce8779280;  1 drivers
v0000021ce8705770_0 .net *"_ivl_3", 0 0, L_0000021ce8769580;  1 drivers
v0000021ce8706170_0 .net *"_ivl_30", 0 0, L_0000021ce8779210;  1 drivers
v0000021ce87074d0_0 .net *"_ivl_35", 0 0, L_0000021ce876a160;  1 drivers
v0000021ce8706210_0 .net *"_ivl_37", 0 0, L_0000021ce876a200;  1 drivers
v0000021ce8707110_0 .net *"_ivl_39", 0 0, L_0000021ce876a340;  1 drivers
v0000021ce8705f90_0 .net *"_ivl_40", 0 0, L_0000021ce87793d0;  1 drivers
v0000021ce8707750_0 .net *"_ivl_42", 0 0, L_0000021ce87791a0;  1 drivers
v0000021ce8707570_0 .net *"_ivl_45", 0 0, L_0000021ce876a980;  1 drivers
v0000021ce87071b0_0 .net *"_ivl_47", 0 0, L_0000021ce876a3e0;  1 drivers
v0000021ce87077f0_0 .net *"_ivl_48", 0 0, L_0000021ce8778410;  1 drivers
v0000021ce8706670_0 .net *"_ivl_5", 0 0, L_0000021ce8769d00;  1 drivers
v0000021ce8706f30_0 .net *"_ivl_51", 0 0, L_0000021ce876a660;  1 drivers
v0000021ce87076b0_0 .net *"_ivl_52", 0 0, L_0000021ce8778d40;  1 drivers
v0000021ce8705810_0 .net *"_ivl_54", 0 0, L_0000021ce87794b0;  1 drivers
v0000021ce87062b0_0 .net *"_ivl_57", 0 0, L_0000021ce876a840;  1 drivers
v0000021ce8705ef0_0 .net *"_ivl_59", 0 0, L_0000021ce8768400;  1 drivers
v0000021ce8706850_0 .net *"_ivl_6", 0 0, L_0000021ce8777ca0;  1 drivers
v0000021ce87059f0_0 .net *"_ivl_60", 0 0, L_0000021ce8778560;  1 drivers
v0000021ce8707430_0 .net *"_ivl_63", 0 0, L_0000021ce8768540;  1 drivers
v0000021ce87063f0_0 .net *"_ivl_64", 0 0, L_0000021ce8779440;  1 drivers
v0000021ce87072f0_0 .net *"_ivl_66", 0 0, L_0000021ce8778480;  1 drivers
v0000021ce8706b70_0 .net *"_ivl_68", 0 0, L_0000021ce8777df0;  1 drivers
v0000021ce8707930_0 .net *"_ivl_74", 0 0, L_0000021ce876c3c0;  1 drivers
v0000021ce8706490_0 .net *"_ivl_76", 0 0, L_0000021ce876b880;  1 drivers
v0000021ce87068f0_0 .net *"_ivl_78", 0 0, L_0000021ce876bce0;  1 drivers
v0000021ce8706e90_0 .net *"_ivl_79", 0 0, L_0000021ce8778fe0;  1 drivers
v0000021ce8706cb0_0 .net *"_ivl_8", 0 0, L_0000021ce8778b80;  1 drivers
v0000021ce8705310_0 .net *"_ivl_81", 0 0, L_0000021ce8779360;  1 drivers
v0000021ce8706d50_0 .net *"_ivl_84", 0 0, L_0000021ce876aca0;  1 drivers
v0000021ce8705270_0 .net *"_ivl_86", 0 0, L_0000021ce876b9c0;  1 drivers
v0000021ce8706df0_0 .net *"_ivl_87", 0 0, L_0000021ce8778aa0;  1 drivers
v0000021ce87053b0_0 .net *"_ivl_90", 0 0, L_0000021ce876cdc0;  1 drivers
v0000021ce8706fd0_0 .net *"_ivl_91", 0 0, L_0000021ce87785d0;  1 drivers
v0000021ce87056d0_0 .net *"_ivl_93", 0 0, L_0000021ce8778100;  1 drivers
v0000021ce87058b0_0 .net *"_ivl_96", 0 0, L_0000021ce876ae80;  1 drivers
v0000021ce8705950_0 .net *"_ivl_98", 0 0, L_0000021ce876c8c0;  1 drivers
v0000021ce8705a90_0 .net *"_ivl_99", 0 0, L_0000021ce8777f40;  1 drivers
v0000021ce8711630_0 .net "c", 4 1, L_0000021ce876c6e0;  alias, 1 drivers
v0000021ce8712170_0 .net "carry_in", 0 0, L_0000021ce876bb00;  alias, 1 drivers
L_0000021ce8769580 .part L_0000021ce8769c60, 0, 1;
L_0000021ce8769d00 .part L_0000021ce876a020, 0, 1;
L_0000021ce8769120 .part L_0000021ce8769c60, 1, 1;
L_0000021ce8768720 .part L_0000021ce876a020, 1, 1;
L_0000021ce8769620 .part L_0000021ce8769c60, 0, 1;
L_0000021ce8769da0 .part L_0000021ce876a020, 1, 1;
L_0000021ce876a0c0 .part L_0000021ce876a020, 0, 1;
L_0000021ce876a160 .part L_0000021ce8769c60, 2, 1;
L_0000021ce876a200 .part L_0000021ce876a020, 2, 1;
L_0000021ce876a340 .part L_0000021ce8769c60, 1, 1;
L_0000021ce876a980 .part L_0000021ce876a020, 2, 1;
L_0000021ce876a3e0 .part L_0000021ce876a020, 1, 1;
L_0000021ce876a660 .part L_0000021ce8769c60, 0, 1;
L_0000021ce876a840 .part L_0000021ce876a020, 2, 1;
L_0000021ce8768400 .part L_0000021ce876a020, 1, 1;
L_0000021ce8768540 .part L_0000021ce876a020, 0, 1;
L_0000021ce876c6e0 .concat8 [ 1 1 1 1], L_0000021ce8778b80, L_0000021ce8779210, L_0000021ce8777df0, L_0000021ce8778e20;
L_0000021ce876c3c0 .part L_0000021ce8769c60, 3, 1;
L_0000021ce876b880 .part L_0000021ce876a020, 3, 1;
L_0000021ce876bce0 .part L_0000021ce8769c60, 2, 1;
L_0000021ce876aca0 .part L_0000021ce876a020, 3, 1;
L_0000021ce876b9c0 .part L_0000021ce876a020, 2, 1;
L_0000021ce876cdc0 .part L_0000021ce8769c60, 1, 1;
L_0000021ce876ae80 .part L_0000021ce876a020, 3, 1;
L_0000021ce876c8c0 .part L_0000021ce876a020, 2, 1;
L_0000021ce876c280 .part L_0000021ce876a020, 1, 1;
L_0000021ce876cc80 .part L_0000021ce8769c60, 0, 1;
L_0000021ce876b7e0 .part L_0000021ce876a020, 3, 1;
L_0000021ce876c000 .part L_0000021ce876a020, 2, 1;
L_0000021ce876afc0 .part L_0000021ce876a020, 1, 1;
L_0000021ce876bf60 .part L_0000021ce876a020, 0, 1;
L_0000021ce876ba60 .part L_0000021ce8769c60, 3, 1;
L_0000021ce876c460 .part L_0000021ce876a020, 3, 1;
L_0000021ce876b1a0 .part L_0000021ce8769c60, 2, 1;
L_0000021ce876c500 .part L_0000021ce876a020, 3, 1;
L_0000021ce876c960 .part L_0000021ce876a020, 2, 1;
L_0000021ce876cbe0 .part L_0000021ce8769c60, 1, 1;
L_0000021ce876c5a0 .part L_0000021ce876a020, 3, 1;
L_0000021ce876ce60 .part L_0000021ce876a020, 2, 1;
L_0000021ce876b420 .part L_0000021ce876a020, 1, 1;
L_0000021ce876b560 .part L_0000021ce8769c60, 0, 1;
L_0000021ce876bd80 .part L_0000021ce876a020, 3, 1;
L_0000021ce876b4c0 .part L_0000021ce876a020, 2, 1;
L_0000021ce876c640 .part L_0000021ce876a020, 1, 1;
L_0000021ce876c0a0 .part L_0000021ce876a020, 0, 1;
S_0000021ce8704980 .scope module, "cla" "CLA4" 2 163, 2 104 0, S_0000021ce829da00;
 .timescale 0 0;
    .port_info 0 /INPUT 4 "P";
    .port_info 1 /INPUT 4 "G";
    .port_info 2 /INPUT 1 "carry_in";
    .port_info 3 /OUTPUT 4 "c";
    .port_info 4 /OUTPUT 1 "P4";
    .port_info 5 /OUTPUT 1 "G4";
L_0000021ce8779050 .functor AND 1, L_0000021ce876d180, L_0000021ce8715fd8, C4<1>, C4<1>;
L_0000021ce8777d10 .functor OR 1, L_0000021ce876b920, L_0000021ce8779050, C4<0>, C4<0>;
L_0000021ce8777e60 .functor AND 1, L_0000021ce876cf00, L_0000021ce876b6a0, C4<1>, C4<1>;
L_0000021ce8777ed0 .functor OR 1, L_0000021ce876c780, L_0000021ce8777e60, C4<0>, C4<0>;
L_0000021ce87799f0 .functor AND 1, L_0000021ce876c820, L_0000021ce876ade0, C4<1>, C4<1>;
L_0000021ce8779980 .functor AND 1, L_0000021ce87799f0, L_0000021ce8715fd8, C4<1>, C4<1>;
L_0000021ce8779a60 .functor OR 1, L_0000021ce8777ed0, L_0000021ce8779980, C4<0>, C4<0>;
L_0000021ce8779750 .functor AND 1, L_0000021ce876d2c0, L_0000021ce876bc40, C4<1>, C4<1>;
L_0000021ce87797c0 .functor OR 1, L_0000021ce876bba0, L_0000021ce8779750, C4<0>, C4<0>;
L_0000021ce87798a0 .functor AND 1, L_0000021ce876bec0, L_0000021ce876b740, C4<1>, C4<1>;
L_0000021ce8779830 .functor AND 1, L_0000021ce87798a0, L_0000021ce876c140, C4<1>, C4<1>;
L_0000021ce877ddf0 .functor OR 1, L_0000021ce87797c0, L_0000021ce8779830, C4<0>, C4<0>;
L_0000021ce877d450 .functor AND 1, L_0000021ce876ca00, L_0000021ce876caa0, C4<1>, C4<1>;
L_0000021ce877d7d0 .functor AND 1, L_0000021ce877d450, L_0000021ce876c1e0, C4<1>, C4<1>;
L_0000021ce877cb20 .functor AND 1, L_0000021ce877d7d0, L_0000021ce8715fd8, C4<1>, C4<1>;
L_0000021ce877c810 .functor OR 1, L_0000021ce877ddf0, L_0000021ce877cb20, C4<0>, C4<0>;
L_0000021ce877cc70 .functor AND 1, L_0000021ce876d0e0, L_0000021ce876d040, C4<1>, C4<1>;
L_0000021ce877c960 .functor OR 1, L_0000021ce876b600, L_0000021ce877cc70, C4<0>, C4<0>;
L_0000021ce877c880 .functor AND 1, L_0000021ce876d360, L_0000021ce876ac00, C4<1>, C4<1>;
L_0000021ce877da00 .functor AND 1, L_0000021ce877c880, L_0000021ce876b060, C4<1>, C4<1>;
L_0000021ce877ce30 .functor OR 1, L_0000021ce877c960, L_0000021ce877da00, C4<0>, C4<0>;
L_0000021ce877c8f0 .functor AND 1, L_0000021ce876d220, L_0000021ce876af20, C4<1>, C4<1>;
L_0000021ce877c9d0 .functor AND 1, L_0000021ce877c8f0, L_0000021ce876b100, C4<1>, C4<1>;
L_0000021ce877c650 .functor AND 1, L_0000021ce877c9d0, L_0000021ce876b240, C4<1>, C4<1>;
L_0000021ce877ca40 .functor OR 1, L_0000021ce877ce30, L_0000021ce877c650, C4<0>, C4<0>;
L_0000021ce877d610 .functor AND 1, L_0000021ce876b2e0, L_0000021ce876b380, C4<1>, C4<1>;
L_0000021ce877d140 .functor AND 1, L_0000021ce877d610, L_0000021ce876d400, C4<1>, C4<1>;
L_0000021ce877cf80 .functor AND 1, L_0000021ce877d140, L_0000021ce876d860, C4<1>, C4<1>;
L_0000021ce877cab0 .functor AND 1, L_0000021ce877cf80, L_0000021ce8715fd8, C4<1>, C4<1>;
L_0000021ce877da70 .functor OR 1, L_0000021ce877ca40, L_0000021ce877cab0, C4<0>, C4<0>;
L_0000021ce877d300 .functor AND 1, L_0000021ce876d540, L_0000021ce876d720, C4<1>, C4<1>;
L_0000021ce877d1b0 .functor OR 1, L_0000021ce876dae0, L_0000021ce877d300, C4<0>, C4<0>;
L_0000021ce877cb90 .functor AND 1, L_0000021ce876d900, L_0000021ce876d7c0, C4<1>, C4<1>;
L_0000021ce877cdc0 .functor AND 1, L_0000021ce877cb90, L_0000021ce876d9a0, C4<1>, C4<1>;
L_0000021ce877c420 .functor OR 1, L_0000021ce877d1b0, L_0000021ce877cdc0, C4<0>, C4<0>;
L_0000021ce877db50 .functor AND 1, L_0000021ce876d5e0, L_0000021ce876d680, C4<1>, C4<1>;
L_0000021ce877c5e0 .functor AND 1, L_0000021ce877db50, L_0000021ce876da40, C4<1>, C4<1>;
L_0000021ce877dae0 .functor AND 1, L_0000021ce877c5e0, L_0000021ce876d4a0, C4<1>, C4<1>;
L_0000021ce877d920 .functor OR 1, L_0000021ce877c420, L_0000021ce877dae0, C4<0>, C4<0>;
L_0000021ce877cc00 .functor AND 1, L_0000021ce8784be0, L_0000021ce8784dc0, C4<1>, C4<1>;
L_0000021ce877cce0 .functor AND 1, L_0000021ce877cc00, L_0000021ce8783c40, C4<1>, C4<1>;
L_0000021ce877d990 .functor AND 1, L_0000021ce877cce0, L_0000021ce87848c0, C4<1>, C4<1>;
v0000021ce8711bd0_0 .net "G", 3 0, L_0000021ce876be20;  alias, 1 drivers
v0000021ce87113b0_0 .net "G4", 0 0, L_0000021ce877d920;  alias, 1 drivers
v0000021ce8711b30_0 .net "P", 3 0, L_0000021ce876ad40;  alias, 1 drivers
v0000021ce8710cd0_0 .net "P4", 0 0, L_0000021ce877d990;  alias, 1 drivers
v0000021ce8712670_0 .net *"_ivl_102", 0 0, L_0000021ce876b100;  1 drivers
v0000021ce8711c70_0 .net *"_ivl_103", 0 0, L_0000021ce877c9d0;  1 drivers
v0000021ce8712710_0 .net *"_ivl_106", 0 0, L_0000021ce876b240;  1 drivers
v0000021ce8711450_0 .net *"_ivl_107", 0 0, L_0000021ce877c650;  1 drivers
v0000021ce87119f0_0 .net *"_ivl_109", 0 0, L_0000021ce877ca40;  1 drivers
v0000021ce8711db0_0 .net *"_ivl_112", 0 0, L_0000021ce876b2e0;  1 drivers
v0000021ce8712210_0 .net *"_ivl_114", 0 0, L_0000021ce876b380;  1 drivers
v0000021ce8711d10_0 .net *"_ivl_115", 0 0, L_0000021ce877d610;  1 drivers
v0000021ce8711f90_0 .net *"_ivl_118", 0 0, L_0000021ce876d400;  1 drivers
v0000021ce87109b0_0 .net *"_ivl_119", 0 0, L_0000021ce877d140;  1 drivers
v0000021ce87127b0_0 .net *"_ivl_122", 0 0, L_0000021ce876d860;  1 drivers
v0000021ce8712b70_0 .net *"_ivl_123", 0 0, L_0000021ce877cf80;  1 drivers
v0000021ce8712030_0 .net *"_ivl_125", 0 0, L_0000021ce877cab0;  1 drivers
v0000021ce8712850_0 .net *"_ivl_127", 0 0, L_0000021ce877da70;  1 drivers
v0000021ce87114f0_0 .net *"_ivl_13", 0 0, L_0000021ce876c780;  1 drivers
v0000021ce87120d0_0 .net *"_ivl_130", 0 0, L_0000021ce876dae0;  1 drivers
v0000021ce8710910_0 .net *"_ivl_132", 0 0, L_0000021ce876d540;  1 drivers
v0000021ce87128f0_0 .net *"_ivl_134", 0 0, L_0000021ce876d720;  1 drivers
v0000021ce8712530_0 .net *"_ivl_135", 0 0, L_0000021ce877d300;  1 drivers
v0000021ce8711090_0 .net *"_ivl_137", 0 0, L_0000021ce877d1b0;  1 drivers
v0000021ce87122b0_0 .net *"_ivl_140", 0 0, L_0000021ce876d900;  1 drivers
v0000021ce8712a30_0 .net *"_ivl_142", 0 0, L_0000021ce876d7c0;  1 drivers
v0000021ce8710a50_0 .net *"_ivl_143", 0 0, L_0000021ce877cb90;  1 drivers
v0000021ce8712350_0 .net *"_ivl_146", 0 0, L_0000021ce876d9a0;  1 drivers
v0000021ce8711590_0 .net *"_ivl_147", 0 0, L_0000021ce877cdc0;  1 drivers
v0000021ce8710550_0 .net *"_ivl_149", 0 0, L_0000021ce877c420;  1 drivers
v0000021ce8710ff0_0 .net *"_ivl_15", 0 0, L_0000021ce876cf00;  1 drivers
v0000021ce8712990_0 .net *"_ivl_152", 0 0, L_0000021ce876d5e0;  1 drivers
v0000021ce8710410_0 .net *"_ivl_154", 0 0, L_0000021ce876d680;  1 drivers
v0000021ce87125d0_0 .net *"_ivl_155", 0 0, L_0000021ce877db50;  1 drivers
v0000021ce8710eb0_0 .net *"_ivl_158", 0 0, L_0000021ce876da40;  1 drivers
v0000021ce87104b0_0 .net *"_ivl_159", 0 0, L_0000021ce877c5e0;  1 drivers
v0000021ce8710f50_0 .net *"_ivl_162", 0 0, L_0000021ce876d4a0;  1 drivers
v0000021ce87123f0_0 .net *"_ivl_163", 0 0, L_0000021ce877dae0;  1 drivers
v0000021ce8711810_0 .net *"_ivl_168", 0 0, L_0000021ce8784be0;  1 drivers
v0000021ce8711950_0 .net *"_ivl_17", 0 0, L_0000021ce876b6a0;  1 drivers
v0000021ce8712490_0 .net *"_ivl_170", 0 0, L_0000021ce8784dc0;  1 drivers
v0000021ce8710690_0 .net *"_ivl_171", 0 0, L_0000021ce877cc00;  1 drivers
v0000021ce8711130_0 .net *"_ivl_174", 0 0, L_0000021ce8783c40;  1 drivers
v0000021ce8710af0_0 .net *"_ivl_175", 0 0, L_0000021ce877cce0;  1 drivers
v0000021ce87116d0_0 .net *"_ivl_178", 0 0, L_0000021ce87848c0;  1 drivers
v0000021ce8710730_0 .net *"_ivl_18", 0 0, L_0000021ce8777e60;  1 drivers
v0000021ce87118b0_0 .net *"_ivl_20", 0 0, L_0000021ce8777ed0;  1 drivers
v0000021ce8710870_0 .net *"_ivl_23", 0 0, L_0000021ce876c820;  1 drivers
v0000021ce8711a90_0 .net *"_ivl_25", 0 0, L_0000021ce876ade0;  1 drivers
v0000021ce8710b90_0 .net *"_ivl_26", 0 0, L_0000021ce87799f0;  1 drivers
v0000021ce8710c30_0 .net *"_ivl_28", 0 0, L_0000021ce8779980;  1 drivers
v0000021ce8710d70_0 .net *"_ivl_3", 0 0, L_0000021ce876b920;  1 drivers
v0000021ce8710e10_0 .net *"_ivl_30", 0 0, L_0000021ce8779a60;  1 drivers
v0000021ce8713f70_0 .net *"_ivl_35", 0 0, L_0000021ce876bba0;  1 drivers
v0000021ce8714970_0 .net *"_ivl_37", 0 0, L_0000021ce876d2c0;  1 drivers
v0000021ce8714f10_0 .net *"_ivl_39", 0 0, L_0000021ce876bc40;  1 drivers
v0000021ce8713250_0 .net *"_ivl_40", 0 0, L_0000021ce8779750;  1 drivers
v0000021ce8713b10_0 .net *"_ivl_42", 0 0, L_0000021ce87797c0;  1 drivers
v0000021ce8713890_0 .net *"_ivl_45", 0 0, L_0000021ce876bec0;  1 drivers
v0000021ce87141f0_0 .net *"_ivl_47", 0 0, L_0000021ce876b740;  1 drivers
v0000021ce8713430_0 .net *"_ivl_48", 0 0, L_0000021ce87798a0;  1 drivers
v0000021ce8714dd0_0 .net *"_ivl_5", 0 0, L_0000021ce876d180;  1 drivers
v0000021ce87136b0_0 .net *"_ivl_51", 0 0, L_0000021ce876c140;  1 drivers
v0000021ce8714b50_0 .net *"_ivl_52", 0 0, L_0000021ce8779830;  1 drivers
v0000021ce87143d0_0 .net *"_ivl_54", 0 0, L_0000021ce877ddf0;  1 drivers
v0000021ce8714e70_0 .net *"_ivl_57", 0 0, L_0000021ce876ca00;  1 drivers
v0000021ce8713ed0_0 .net *"_ivl_59", 0 0, L_0000021ce876caa0;  1 drivers
v0000021ce8714150_0 .net *"_ivl_6", 0 0, L_0000021ce8779050;  1 drivers
v0000021ce87148d0_0 .net *"_ivl_60", 0 0, L_0000021ce877d450;  1 drivers
v0000021ce8714510_0 .net *"_ivl_63", 0 0, L_0000021ce876c1e0;  1 drivers
v0000021ce8712d50_0 .net *"_ivl_64", 0 0, L_0000021ce877d7d0;  1 drivers
v0000021ce8713930_0 .net *"_ivl_66", 0 0, L_0000021ce877cb20;  1 drivers
v0000021ce8715190_0 .net *"_ivl_68", 0 0, L_0000021ce877c810;  1 drivers
v0000021ce8713bb0_0 .net *"_ivl_74", 0 0, L_0000021ce876b600;  1 drivers
v0000021ce8715230_0 .net *"_ivl_76", 0 0, L_0000021ce876d0e0;  1 drivers
v0000021ce8714010_0 .net *"_ivl_78", 0 0, L_0000021ce876d040;  1 drivers
v0000021ce8713750_0 .net *"_ivl_79", 0 0, L_0000021ce877cc70;  1 drivers
v0000021ce8712e90_0 .net *"_ivl_8", 0 0, L_0000021ce8777d10;  1 drivers
v0000021ce8714bf0_0 .net *"_ivl_81", 0 0, L_0000021ce877c960;  1 drivers
v0000021ce87150f0_0 .net *"_ivl_84", 0 0, L_0000021ce876d360;  1 drivers
v0000021ce8714c90_0 .net *"_ivl_86", 0 0, L_0000021ce876ac00;  1 drivers
v0000021ce8713390_0 .net *"_ivl_87", 0 0, L_0000021ce877c880;  1 drivers
v0000021ce8714a10_0 .net *"_ivl_90", 0 0, L_0000021ce876b060;  1 drivers
v0000021ce8715050_0 .net *"_ivl_91", 0 0, L_0000021ce877da00;  1 drivers
v0000021ce87152d0_0 .net *"_ivl_93", 0 0, L_0000021ce877ce30;  1 drivers
v0000021ce8713c50_0 .net *"_ivl_96", 0 0, L_0000021ce876d220;  1 drivers
v0000021ce8714fb0_0 .net *"_ivl_98", 0 0, L_0000021ce876af20;  1 drivers
v0000021ce87139d0_0 .net *"_ivl_99", 0 0, L_0000021ce877c8f0;  1 drivers
v0000021ce8714830_0 .net "c", 4 1, L_0000021ce876cfa0;  alias, 1 drivers
v0000021ce87137f0_0 .net "carry_in", 0 0, L_0000021ce8715fd8;  alias, 1 drivers
L_0000021ce876b920 .part L_0000021ce876be20, 0, 1;
L_0000021ce876d180 .part L_0000021ce876ad40, 0, 1;
L_0000021ce876c780 .part L_0000021ce876be20, 1, 1;
L_0000021ce876cf00 .part L_0000021ce876ad40, 1, 1;
L_0000021ce876b6a0 .part L_0000021ce876be20, 0, 1;
L_0000021ce876c820 .part L_0000021ce876ad40, 1, 1;
L_0000021ce876ade0 .part L_0000021ce876ad40, 0, 1;
L_0000021ce876bba0 .part L_0000021ce876be20, 2, 1;
L_0000021ce876d2c0 .part L_0000021ce876ad40, 2, 1;
L_0000021ce876bc40 .part L_0000021ce876be20, 1, 1;
L_0000021ce876bec0 .part L_0000021ce876ad40, 2, 1;
L_0000021ce876b740 .part L_0000021ce876ad40, 1, 1;
L_0000021ce876c140 .part L_0000021ce876be20, 0, 1;
L_0000021ce876ca00 .part L_0000021ce876ad40, 2, 1;
L_0000021ce876caa0 .part L_0000021ce876ad40, 1, 1;
L_0000021ce876c1e0 .part L_0000021ce876ad40, 0, 1;
L_0000021ce876cfa0 .concat8 [ 1 1 1 1], L_0000021ce8777d10, L_0000021ce8779a60, L_0000021ce877c810, L_0000021ce877da70;
L_0000021ce876b600 .part L_0000021ce876be20, 3, 1;
L_0000021ce876d0e0 .part L_0000021ce876ad40, 3, 1;
L_0000021ce876d040 .part L_0000021ce876be20, 2, 1;
L_0000021ce876d360 .part L_0000021ce876ad40, 3, 1;
L_0000021ce876ac00 .part L_0000021ce876ad40, 2, 1;
L_0000021ce876b060 .part L_0000021ce876be20, 1, 1;
L_0000021ce876d220 .part L_0000021ce876ad40, 3, 1;
L_0000021ce876af20 .part L_0000021ce876ad40, 2, 1;
L_0000021ce876b100 .part L_0000021ce876ad40, 1, 1;
L_0000021ce876b240 .part L_0000021ce876be20, 0, 1;
L_0000021ce876b2e0 .part L_0000021ce876ad40, 3, 1;
L_0000021ce876b380 .part L_0000021ce876ad40, 2, 1;
L_0000021ce876d400 .part L_0000021ce876ad40, 1, 1;
L_0000021ce876d860 .part L_0000021ce876ad40, 0, 1;
L_0000021ce876dae0 .part L_0000021ce876be20, 3, 1;
L_0000021ce876d540 .part L_0000021ce876ad40, 3, 1;
L_0000021ce876d720 .part L_0000021ce876be20, 2, 1;
L_0000021ce876d900 .part L_0000021ce876ad40, 3, 1;
L_0000021ce876d7c0 .part L_0000021ce876ad40, 2, 1;
L_0000021ce876d9a0 .part L_0000021ce876be20, 1, 1;
L_0000021ce876d5e0 .part L_0000021ce876ad40, 3, 1;
L_0000021ce876d680 .part L_0000021ce876ad40, 2, 1;
L_0000021ce876da40 .part L_0000021ce876ad40, 1, 1;
L_0000021ce876d4a0 .part L_0000021ce876be20, 0, 1;
L_0000021ce8784be0 .part L_0000021ce876ad40, 3, 1;
L_0000021ce8784dc0 .part L_0000021ce876ad40, 2, 1;
L_0000021ce8783c40 .part L_0000021ce876ad40, 1, 1;
L_0000021ce87848c0 .part L_0000021ce876ad40, 0, 1;
# The file index is used to find the file name in the following table.
:file_names 3;
    "N/A";
    "<interactive>";
    "adder.v";
