#! /c/Source/iverilog-install/bin/vvp
:ivl_version "12.0 (devel)" "(s20150603-1539-g2693dd32b)";
:ivl_delay_selection "TYPICAL";
:vpi_time_precision + 0;
:vpi_module "C:\iverilog\lib\ivl\system.vpi";
:vpi_module "C:\iverilog\lib\ivl\vhdl_sys.vpi";
:vpi_module "C:\iverilog\lib\ivl\vhdl_textio.vpi";
:vpi_module "C:\iverilog\lib\ivl\v2005_math.vpi";
:vpi_module "C:\iverilog\lib\ivl\va_math.vpi";
S_000001c13ec4bcf0 .scope module, "multiplier" "multiplier" 2 2;
 .timescale 0 0;
    .port_info 0 /INPUT 32 "a";
    .port_info 1 /INPUT 32 "b";
    .port_info 2 /OUTPUT 64 "c";
L_000001c13eb7daf0 .functor BUFZ 64, v000001c13ec4be80_0, C4<0000000000000000000000000000000000000000000000000000000000000000>, C4<0000000000000000000000000000000000000000000000000000000000000000>, C4<0000000000000000000000000000000000000000000000000000000000000000>;
o000001c13eb81f58 .functor BUFZ 32, C4<zzzzzzzzzzzzzzzzzzzzzzzzzzzzzzzz>; HiZ drive
v000001c13eb42ef0_0 .net "a", 31 0, o000001c13eb81f58;  0 drivers
v000001c13eb42b20_0 .var "a1", 31 -1;
v000001c13ec4be80_0 .var "ans", 63 0;
o000001c13eb81fe8 .functor BUFZ 32, C4<zzzzzzzzzzzzzzzzzzzzzzzzzzzzzzzz>; HiZ drive
v000001c13ec4a790_0 .net "b", 31 0, o000001c13eb81fe8;  0 drivers
v000001c13ec48650_0 .var "b1", 31 0;
v000001c13eb73980_0 .net "c", 63 0, L_000001c13eb7daf0;  1 drivers
v000001c13eb73a20_0 .var/i "i", 31 0;
v000001c13eb73ac0 .array "pp", 0 15, 63 0;
v000001c13eb73b60_0 .var "sign", 0 0;
    .scope S_000001c13ec4bcf0;
T_0 ;
    %delay 1, 0;
    %pushi/vec4 0, 0, 1;
    %store/vec4 v000001c13eb73b60_0, 0, 1;
    %load/vec4 v000001c13eb42ef0_0;
    %parti/s 1, 31, 6;
    %cmpi/e 0, 0, 1;
    %flag_mov 8, 4;
    %jmp/0 T_0.0, 8;
    %load/vec4 v000001c13eb42ef0_0;
    %jmp/1 T_0.1, 8;
T_0.0 ; End of true expr.
    %load/vec4 v000001c13eb42ef0_0;
    %inv;
    %pushi/vec4 1, 0, 32;
    %add;
    %jmp/0 T_0.1, 8;
 ; End of false expr.
    %blend;
T_0.1;
    %ix/load 4, 1, 0;
    %flag_set/imm 4, 0;
    %store/vec4 v000001c13eb42b20_0, 4, 32;
    %pushi/vec4 0, 0, 1;
    %ix/load 4, 0, 0;
    %flag_set/imm 4, 0;
    %store/vec4 v000001c13eb42b20_0, 4, 1;
    %load/vec4 v000001c13ec4a790_0;
    %parti/s 1, 31, 6;
    %cmpi/e 0, 0, 1;
    %flag_mov 8, 4;
    %jmp/0 T_0.2, 8;
    %load/vec4 v000001c13ec4a790_0;
    %jmp/1 T_0.3, 8;
T_0.2 ; End of true expr.
    %load/vec4 v000001c13ec4a790_0;
    %inv;
    %pushi/vec4 1, 0, 32;
    %add;
    %jmp/0 T_0.3, 8;
 ; End of false expr.
    %blend;
T_0.3;
    %store/vec4 v000001c13ec48650_0, 0, 32;
    %pushi/vec4 0, 0, 32;
    %store/vec4 v000001c13eb73a20_0, 0, 32;
T_0.4 ;
    %load/vec4 v000001c13eb73a20_0;
    %cmpi/s 15, 0, 32;
    %jmp/0xz T_0.5, 5;
    %load/vec4 v000001c13eb42b20_0;
    %load/vec4 v000001c13eb73a20_0;
    %muli 2, 0, 32;
    %addi 1, 0, 32;
    %pad/s 34;
    %addi 1, 0, 34;
    %part/s 1;
    %cmpi/e 0, 0, 1;
    %jmp/0xz  T_0.6, 4;
    %load/vec4 v000001c13eb42b20_0;
    %load/vec4 v000001c13eb73a20_0;
    %muli 2, 0, 32;
    %pad/s 34;
    %addi 1, 0, 34;
    %part/s 1;
    %cmpi/e 0, 0, 1;
    %jmp/0xz  T_0.8, 4;
    %load/vec4 v000001c13eb42b20_0;
    %load/vec4 v000001c13eb73a20_0;
    %muli 2, 0, 32;
    %subi 1, 0, 32;
    %pad/s 34;
    %addi 1, 0, 34;
    %part/s 1;
    %cmpi/e 0, 0, 1;
    %jmp/0xz  T_0.10, 4;
    %pushi/vec4 0, 0, 64;
    %ix/getv/s 3, v000001c13eb73a20_0;
    %ix/load 4, 0, 0; Constant delay
    %assign/vec4/a/d v000001c13eb73ac0, 0, 4;
    %jmp T_0.11;
T_0.10 ;
    %load/vec4 v000001c13ec48650_0;
    %pad/u 64;
    %load/vec4 v000001c13eb73a20_0;
    %muli 2, 0, 32;
    %ix/vec4 4;
    %shiftl 4;
    %ix/getv/s 3, v000001c13eb73a20_0;
    %ix/load 4, 0, 0; Constant delay
    %assign/vec4/a/d v000001c13eb73ac0, 0, 4;
T_0.11 ;
    %jmp T_0.9;
T_0.8 ;
    %load/vec4 v000001c13eb42b20_0;
    %load/vec4 v000001c13eb73a20_0;
    %muli 2, 0, 32;
    %subi 1, 0, 32;
    %pad/s 34;
    %addi 1, 0, 34;
    %part/s 1;
    %cmpi/e 0, 0, 1;
    %jmp/0xz  T_0.12, 4;
    %load/vec4 v000001c13ec48650_0;
    %pad/u 64;
    %load/vec4 v000001c13eb73a20_0;
    %muli 2, 0, 32;
    %ix/vec4 4;
    %shiftl 4;
    %ix/getv/s 3, v000001c13eb73a20_0;
    %ix/load 4, 0, 0; Constant delay
    %assign/vec4/a/d v000001c13eb73ac0, 0, 4;
    %jmp T_0.13;
T_0.12 ;
    %load/vec4 v000001c13ec48650_0;
    %pad/u 64;
    %load/vec4 v000001c13eb73a20_0;
    %muli 2, 0, 32;
    %addi 1, 0, 32;
    %ix/vec4 4;
    %shiftl 4;
    %ix/getv/s 3, v000001c13eb73a20_0;
    %ix/load 4, 0, 0; Constant delay
    %assign/vec4/a/d v000001c13eb73ac0, 0, 4;
T_0.13 ;
T_0.9 ;
    %jmp T_0.7;
T_0.6 ;
    %load/vec4 v000001c13eb42b20_0;
    %load/vec4 v000001c13eb73a20_0;
    %muli 2, 0, 32;
    %pad/s 34;
    %addi 1, 0, 34;
    %part/s 1;
    %cmpi/e 0, 0, 1;
    %jmp/0xz  T_0.14, 4;
    %load/vec4 v000001c13eb42b20_0;
    %load/vec4 v000001c13eb73a20_0;
    %muli 2, 0, 32;
    %subi 1, 0, 32;
    %pad/s 34;
    %addi 1, 0, 34;
    %part/s 1;
    %cmpi/e 0, 0, 1;
    %jmp/0xz  T_0.16, 4;
    %load/vec4 v000001c13ec48650_0;
    %pad/u 64;
    %inv;
    %pushi/vec4 1, 0, 64;
    %add;
    %load/vec4 v000001c13eb73a20_0;
    %muli 2, 0, 32;
    %addi 1, 0, 32;
    %ix/vec4 4;
    %shiftl 4;
    %ix/getv/s 3, v000001c13eb73a20_0;
    %ix/load 4, 0, 0; Constant delay
    %assign/vec4/a/d v000001c13eb73ac0, 0, 4;
    %jmp T_0.17;
T_0.16 ;
    %load/vec4 v000001c13ec48650_0;
    %pad/u 64;
    %inv;
    %pushi/vec4 1, 0, 64;
    %add;
    %load/vec4 v000001c13eb73a20_0;
    %muli 2, 0, 32;
    %ix/vec4 4;
    %shiftl 4;
    %ix/getv/s 3, v000001c13eb73a20_0;
    %ix/load 4, 0, 0; Constant delay
    %assign/vec4/a/d v000001c13eb73ac0, 0, 4;
T_0.17 ;
    %jmp T_0.15;
T_0.14 ;
    %load/vec4 v000001c13eb42b20_0;
    %load/vec4 v000001c13eb73a20_0;
    %muli 2, 0, 32;
    %subi 1, 0, 32;
    %pad/s 34;
    %addi 1, 0, 34;
    %part/s 1;
    %cmpi/e 0, 0, 1;
    %jmp/0xz  T_0.18, 4;
    %load/vec4 v000001c13ec48650_0;
    %pad/u 64;
    %inv;
    %pushi/vec4 1, 0, 64;
    %add;
    %load/vec4 v000001c13eb73a20_0;
    %muli 2, 0, 32;
    %ix/vec4 4;
    %shiftl 4;
    %ix/getv/s 3, v000001c13eb73a20_0;
    %ix/load 4, 0, 0; Constant delay
    %assign/vec4/a/d v000001c13eb73ac0, 0, 4;
    %jmp T_0.19;
T_0.18 ;
    %pushi/vec4 0, 0, 64;
    %ix/getv/s 3, v000001c13eb73a20_0;
    %ix/load 4, 0, 0; Constant delay
    %assign/vec4/a/d v000001c13eb73ac0, 0, 4;
T_0.19 ;
T_0.15 ;
T_0.7 ;
    %load/vec4 v000001c13eb73a20_0;
    %addi 1, 0, 32;
    %store/vec4 v000001c13eb73a20_0, 0, 32;
    %jmp T_0.4;
T_0.5 ;
    %delay 1, 0;
    %pushi/vec4 0, 0, 64;
    %store/vec4 v000001c13ec4be80_0, 0, 64;
    %pushi/vec4 0, 0, 32;
    %store/vec4 v000001c13eb73a20_0, 0, 32;
T_0.20 ;
    %load/vec4 v000001c13eb73a20_0;
    %cmpi/s 15, 0, 32;
    %jmp/0xz T_0.21, 5;
    %load/vec4 v000001c13ec4be80_0;
    %ix/getv/s 4, v000001c13eb73a20_0;
    %load/vec4a v000001c13eb73ac0, 4;
    %add;
    %store/vec4 v000001c13ec4be80_0, 0, 64;
    %load/vec4 v000001c13eb73a20_0;
    %addi 1, 0, 32;
    %store/vec4 v000001c13eb73a20_0, 0, 32;
    %jmp T_0.20;
T_0.21 ;
    %load/vec4 v000001c13eb73b60_0;
    %cmpi/e 0, 0, 1;
    %flag_mov 8, 4;
    %jmp/0 T_0.22, 8;
    %load/vec4 v000001c13ec4be80_0;
    %jmp/1 T_0.23, 8;
T_0.22 ; End of true expr.
    %load/vec4 v000001c13ec4be80_0;
    %inv;
    %pushi/vec4 1, 0, 64;
    %add;
    %jmp/0 T_0.23, 8;
 ; End of false expr.
    %blend;
T_0.23;
    %store/vec4 v000001c13ec4be80_0, 0, 64;
    %jmp T_0;
    .thread T_0;
# The file index is used to find the file name in the following table.
:file_names 3;
    "N/A";
    "<interactive>";
    "multiplier.v";
